#
# There is insufficient memory for the Java Runtime Environment to continue.
# Native memory allocation (mmap) failed to map 65536 bytes for Failed to commit metaspace.
# Possible reasons:
#   The system is out of physical RAM or swap space
#   The process is running with CompressedOops enabled, and the Java Heap may be blocking the growth of the native heap
# Possible solutions:
#   Reduce memory load on the system
#   Increase physical memory or swap space
#   Check if swap backing store is full
#   Decrease Java heap size (-Xmx/-Xms)
#   Decrease number of Java threads
#   Decrease Java thread stack sizes (-Xss)
#   Set larger code cache with -XX:ReservedCodeCacheSize=
#   JVM is running with Zero Based Compressed Oops mode in which the Java heap is
#     placed in the first 32GB address space. The Java Heap base address is the
#     maximum limit for the native heap growth. Please use -XX:HeapBaseMinAddress
#     to set the Java Heap base and to place the Java Heap above 32GB virtual address.
# This output file may be truncated or incomplete.
#
#  Out of Memory Error (virtualSpaceNode.cpp:110), pid=14172, tid=17620
#
# JRE version: Java(TM) SE Runtime Environment (17.0.8+9) (build 17.0.8+9-LTS-211)
# Java VM: Java HotSpot(TM) 64-Bit Server VM (17.0.8+9-LTS-211, mixed mode, sharing, tiered, compressed oops, compressed class ptrs, g1 gc, windows-amd64)
# No core dump will be written. Minidumps are not enabled by default on client versions of Windows
#

---------------  S U M M A R Y ------------

Command Line: -XX:+ShowCodeDetailsInExceptionMessages com.apapedia.frontend.FrontendApplication

Host: Intel(R) Core(TM) i5-10200H CPU @ 2.40GHz, 8 cores, 15G,  Windows 10 , 64 bit Build 19041 (10.0.19041.3636)
Time: Wed Dec 13 17:49:55 2023 SE Asia Standard Time elapsed time: 0.513832 seconds (0d 0h 0m 0s)

---------------  T H R E A D  ---------------

Current thread (0x000001f0ff3b2780):  JavaThread "C1 CompilerThread0" daemon [_thread_in_vm, id=17620, stack(0x000000ac3eb00000,0x000000ac3ec00000)]


Current CompileTask:
C1:    513  545       3       java.lang.invoke.InvokerBytecodeGenerator::emitImplicitConversion (161 bytes)

Stack: [0x000000ac3eb00000,0x000000ac3ec00000]
Native frames: (J=compiled Java code, j=interpreted, Vv=VM code, C=native code)
V  [jvm.dll+0x677d0a]
V  [jvm.dll+0x7d8c54]
V  [jvm.dll+0x7da3fe]
V  [jvm.dll+0x7daa63]
V  [jvm.dll+0x245c5f]
V  [jvm.dll+0x7d4d5b]
V  [jvm.dll+0x61dcf6]
V  [jvm.dll+0x61dd5a]
V  [jvm.dll+0x62057d]
V  [jvm.dll+0x61e6b6]
V  [jvm.dll+0x62f72a]
V  [jvm.dll+0x6286ca]
V  [jvm.dll+0x1cc020]
V  [jvm.dll+0x1cc210]
V  [jvm.dll+0x146651]
V  [jvm.dll+0x146495]
V  [jvm.dll+0x13e1c0]
V  [jvm.dll+0x14044e]
V  [jvm.dll+0x13ea55]
V  [jvm.dll+0x138b98]
V  [jvm.dll+0x1480f6]
V  [jvm.dll+0x1342a0]
V  [jvm.dll+0x134600]
V  [jvm.dll+0x1348c8]
V  [jvm.dll+0x133d61]
V  [jvm.dll+0x135a0d]
V  [jvm.dll+0x2270be]
V  [jvm.dll+0x22535b]
V  [jvm.dll+0x78e7bc]
V  [jvm.dll+0x788bba]
V  [jvm.dll+0x676b35]
C  [ucrtbase.dll+0x21bb2]
C  [KERNEL32.DLL+0x17344]
C  [ntdll.dll+0x526b1]


---------------  P R O C E S S  ---------------

Threads class SMR info:
_java_thread_list=0x000001f0d82b48e0, length=13, elements={
0x000001f0ef667f90, 0x000001f0ff395390, 0x000001f0ff3989b0, 0x000001f0ff3ad1e0,
0x000001f0ff3afca0, 0x000001f0ff3b0650, 0x000001f0ff3b1000, 0x000001f0ff3b1ce0,
0x000001f0ff3b2780, 0x000001f0ff3b5180, 0x000001f0d82186e0, 0x000001f0d822a860,
0x000001f0d82a7570
}

Java Threads: ( => current thread )
  0x000001f0ef667f90 JavaThread "main" [_thread_in_vm, id=21304, stack(0x000000ac3dd00000,0x000000ac3de00000)]
  0x000001f0ff395390 JavaThread "Reference Handler" daemon [_thread_blocked, id=13604, stack(0x000000ac3e400000,0x000000ac3e500000)]
  0x000001f0ff3989b0 JavaThread "Finalizer" daemon [_thread_blocked, id=4888, stack(0x000000ac3e500000,0x000000ac3e600000)]
  0x000001f0ff3ad1e0 JavaThread "Signal Dispatcher" daemon [_thread_blocked, id=11592, stack(0x000000ac3e600000,0x000000ac3e700000)]
  0x000001f0ff3afca0 JavaThread "Attach Listener" daemon [_thread_blocked, id=21508, stack(0x000000ac3e700000,0x000000ac3e800000)]
  0x000001f0ff3b0650 JavaThread "Service Thread" daemon [_thread_blocked, id=28684, stack(0x000000ac3e800000,0x000000ac3e900000)]
  0x000001f0ff3b1000 JavaThread "Monitor Deflation Thread" daemon [_thread_blocked, id=1652, stack(0x000000ac3e900000,0x000000ac3ea00000)]
  0x000001f0ff3b1ce0 JavaThread "C2 CompilerThread0" daemon [_thread_blocked, id=31916, stack(0x000000ac3ea00000,0x000000ac3eb00000)]
=>0x000001f0ff3b2780 JavaThread "C1 CompilerThread0" daemon [_thread_in_vm, id=17620, stack(0x000000ac3eb00000,0x000000ac3ec00000)]
  0x000001f0ff3b5180 JavaThread "Sweeper thread" daemon [_thread_blocked, id=19720, stack(0x000000ac3ec00000,0x000000ac3ed00000)]
  0x000001f0d82186e0 JavaThread "Notification Thread" daemon [_thread_blocked, id=3436, stack(0x000000ac3ed00000,0x000000ac3ee00000)]
  0x000001f0d822a860 JavaThread "Common-Cleaner" daemon [_thread_blocked, id=8604, stack(0x000000ac3ef00000,0x000000ac3f000000)]
  0x000001f0d82a7570 JavaThread "C2 CompilerThread1" daemon [_thread_blocked, id=7152, stack(0x000000ac3f000000,0x000000ac3f100000)]

Other Threads:
  0x000001f0ff38f730 VMThread "VM Thread" [stack: 0x000000ac3e300000,0x000000ac3e400000] [id=14680]
  0x000001f0d821ebd0 WatcherThread [stack: 0x000000ac3ee00000,0x000000ac3ef00000] [id=10812]
  0x000001f0ef6da2f0 GCTaskThread "GC Thread#0" [stack: 0x000000ac3de00000,0x000000ac3df00000] [id=25252]
  0x000001f0ef6eaf70 ConcurrentGCThread "G1 Main Marker" [stack: 0x000000ac3df00000,0x000000ac3e000000] [id=19704]
  0x000001f0ef6eb980 ConcurrentGCThread "G1 Conc#0" [stack: 0x000000ac3e000000,0x000000ac3e100000] [id=2472]
  0x000001f0ef720330 ConcurrentGCThread "G1 Refine#0" [stack: 0x000000ac3e100000,0x000000ac3e200000] [id=17980]
  0x000001f0ef720d50 ConcurrentGCThread "G1 Service" [stack: 0x000000ac3e200000,0x000000ac3e300000] [id=19888]

Threads with active compile tasks:
C1 CompilerThread0      544  545       3       java.lang.invoke.InvokerBytecodeGenerator::emitImplicitConversion (161 bytes)

VM state: not at safepoint (normal execution)

VM Mutex/Monitor currently owned by a thread:  ([mutex/lock_event])
[0x000001f0ef65fb50] Metaspace_lock - owner thread: 0x000001f0ff3b2780
[0x000001f0ef663310] MethodData_lock - owner thread: 0x000001f0ff3b2780

Heap address: 0x0000000702c00000, size: 4052 MB, Compressed Oops mode: Zero based, Oop shift amount: 3

CDS archive(s) mapped at: [0x000001f093000000-0x000001f093bd0000-0x000001f093bd0000), size 12386304, SharedBaseAddress: 0x000001f093000000, ArchiveRelocationMode: 1.
Compressed class space mapped at: 0x000001f094000000-0x000001f0d4000000, reserved size: 1073741824
Narrow klass base: 0x000001f093000000, Narrow klass shift: 0, Narrow klass range: 0x100000000

GC Precious Log:
 CPUs: 8 total, 8 available
 Memory: 16205M
 Large Page Support: Disabled
 NUMA Support: Disabled
 Compressed Oops: Enabled (Zero based)
 Heap Region Size: 2M
 Heap Min Capacity: 8M
 Heap Initial Capacity: 254M
 Heap Max Capacity: 4052M
 Pre-touch: Disabled
 Parallel Workers: 8
 Concurrent Workers: 2
 Concurrent Refinement Workers: 8
 Periodic GC: Disabled

Heap:
 garbage-first heap   total 260096K, used 6144K [0x0000000702c00000, 0x0000000800000000)
  region size 2048K, 5 young (10240K), 0 survivors (0K)
 Metaspace       used 1844K, committed 1984K, reserved 1114112K
  class space    used 149K, committed 256K, reserved 1048576K

Heap Regions: E=young(eden), S=young(survivor), O=old, HS=humongous(starts), HC=humongous(continues), CS=collection set, F=free, OA=open archive, CA=closed archive, TAMS=top-at-mark-start (previous, next)
|   0|0x0000000702c00000, 0x0000000702c00000, 0x0000000702e00000|  0%| F|  |TAMS 0x0000000702c00000, 0x0000000702c00000| Untracked 
|   1|0x0000000702e00000, 0x0000000702e00000, 0x0000000703000000|  0%| F|  |TAMS 0x0000000702e00000, 0x0000000702e00000| Untracked 
|   2|0x0000000703000000, 0x0000000703000000, 0x0000000703200000|  0%| F|  |TAMS 0x0000000703000000, 0x0000000703000000| Untracked 
|   3|0x0000000703200000, 0x0000000703200000, 0x0000000703400000|  0%| F|  |TAMS 0x0000000703200000, 0x0000000703200000| Untracked 
|   4|0x0000000703400000, 0x0000000703400000, 0x0000000703600000|  0%| F|  |TAMS 0x0000000703400000, 0x0000000703400000| Untracked 
|   5|0x0000000703600000, 0x0000000703600000, 0x0000000703800000|  0%| F|  |TAMS 0x0000000703600000, 0x0000000703600000| Untracked 
|   6|0x0000000703800000, 0x0000000703800000, 0x0000000703a00000|  0%| F|  |TAMS 0x0000000703800000, 0x0000000703800000| Untracked 
|   7|0x0000000703a00000, 0x0000000703a00000, 0x0000000703c00000|  0%| F|  |TAMS 0x0000000703a00000, 0x0000000703a00000| Untracked 
|   8|0x0000000703c00000, 0x0000000703c00000, 0x0000000703e00000|  0%| F|  |TAMS 0x0000000703c00000, 0x0000000703c00000| Untracked 
|   9|0x0000000703e00000, 0x0000000703e00000, 0x0000000704000000|  0%| F|  |TAMS 0x0000000703e00000, 0x0000000703e00000| Untracked 
|  10|0x0000000704000000, 0x0000000704000000, 0x0000000704200000|  0%| F|  |TAMS 0x0000000704000000, 0x0000000704000000| Untracked 
|  11|0x0000000704200000, 0x0000000704200000, 0x0000000704400000|  0%| F|  |TAMS 0x0000000704200000, 0x0000000704200000| Untracked 
|  12|0x0000000704400000, 0x0000000704400000, 0x0000000704600000|  0%| F|  |TAMS 0x0000000704400000, 0x0000000704400000| Untracked 
|  13|0x0000000704600000, 0x0000000704600000, 0x0000000704800000|  0%| F|  |TAMS 0x0000000704600000, 0x0000000704600000| Untracked 
|  14|0x0000000704800000, 0x0000000704800000, 0x0000000704a00000|  0%| F|  |TAMS 0x0000000704800000, 0x0000000704800000| Untracked 
|  15|0x0000000704a00000, 0x0000000704a00000, 0x0000000704c00000|  0%| F|  |TAMS 0x0000000704a00000, 0x0000000704a00000| Untracked 
|  16|0x0000000704c00000, 0x0000000704c00000, 0x0000000704e00000|  0%| F|  |TAMS 0x0000000704c00000, 0x0000000704c00000| Untracked 
|  17|0x0000000704e00000, 0x0000000704e00000, 0x0000000705000000|  0%| F|  |TAMS 0x0000000704e00000, 0x0000000704e00000| Untracked 
|  18|0x0000000705000000, 0x0000000705000000, 0x0000000705200000|  0%| F|  |TAMS 0x0000000705000000, 0x0000000705000000| Untracked 
|  19|0x0000000705200000, 0x0000000705200000, 0x0000000705400000|  0%| F|  |TAMS 0x0000000705200000, 0x0000000705200000| Untracked 
|  20|0x0000000705400000, 0x0000000705400000, 0x0000000705600000|  0%| F|  |TAMS 0x0000000705400000, 0x0000000705400000| Untracked 
|  21|0x0000000705600000, 0x0000000705600000, 0x0000000705800000|  0%| F|  |TAMS 0x0000000705600000, 0x0000000705600000| Untracked 
|  22|0x0000000705800000, 0x0000000705800000, 0x0000000705a00000|  0%| F|  |TAMS 0x0000000705800000, 0x0000000705800000| Untracked 
|  23|0x0000000705a00000, 0x0000000705a00000, 0x0000000705c00000|  0%| F|  |TAMS 0x0000000705a00000, 0x0000000705a00000| Untracked 
|  24|0x0000000705c00000, 0x0000000705c00000, 0x0000000705e00000|  0%| F|  |TAMS 0x0000000705c00000, 0x0000000705c00000| Untracked 
|  25|0x0000000705e00000, 0x0000000705e00000, 0x0000000706000000|  0%| F|  |TAMS 0x0000000705e00000, 0x0000000705e00000| Untracked 
|  26|0x0000000706000000, 0x0000000706000000, 0x0000000706200000|  0%| F|  |TAMS 0x0000000706000000, 0x0000000706000000| Untracked 
|  27|0x0000000706200000, 0x0000000706200000, 0x0000000706400000|  0%| F|  |TAMS 0x0000000706200000, 0x0000000706200000| Untracked 
|  28|0x0000000706400000, 0x0000000706400000, 0x0000000706600000|  0%| F|  |TAMS 0x0000000706400000, 0x0000000706400000| Untracked 
|  29|0x0000000706600000, 0x0000000706600000, 0x0000000706800000|  0%| F|  |TAMS 0x0000000706600000, 0x0000000706600000| Untracked 
|  30|0x0000000706800000, 0x0000000706800000, 0x0000000706a00000|  0%| F|  |TAMS 0x0000000706800000, 0x0000000706800000| Untracked 
|  31|0x0000000706a00000, 0x0000000706a00000, 0x0000000706c00000|  0%| F|  |TAMS 0x0000000706a00000, 0x0000000706a00000| Untracked 
|  32|0x0000000706c00000, 0x0000000706c00000, 0x0000000706e00000|  0%| F|  |TAMS 0x0000000706c00000, 0x0000000706c00000| Untracked 
|  33|0x0000000706e00000, 0x0000000706e00000, 0x0000000707000000|  0%| F|  |TAMS 0x0000000706e00000, 0x0000000706e00000| Untracked 
|  34|0x0000000707000000, 0x0000000707000000, 0x0000000707200000|  0%| F|  |TAMS 0x0000000707000000, 0x0000000707000000| Untracked 
|  35|0x0000000707200000, 0x0000000707200000, 0x0000000707400000|  0%| F|  |TAMS 0x0000000707200000, 0x0000000707200000| Untracked 
|  36|0x0000000707400000, 0x0000000707400000, 0x0000000707600000|  0%| F|  |TAMS 0x0000000707400000, 0x0000000707400000| Untracked 
|  37|0x0000000707600000, 0x0000000707600000, 0x0000000707800000|  0%| F|  |TAMS 0x0000000707600000, 0x0000000707600000| Untracked 
|  38|0x0000000707800000, 0x0000000707800000, 0x0000000707a00000|  0%| F|  |TAMS 0x0000000707800000, 0x0000000707800000| Untracked 
|  39|0x0000000707a00000, 0x0000000707a00000, 0x0000000707c00000|  0%| F|  |TAMS 0x0000000707a00000, 0x0000000707a00000| Untracked 
|  40|0x0000000707c00000, 0x0000000707c00000, 0x0000000707e00000|  0%| F|  |TAMS 0x0000000707c00000, 0x0000000707c00000| Untracked 
|  41|0x0000000707e00000, 0x0000000707e00000, 0x0000000708000000|  0%| F|  |TAMS 0x0000000707e00000, 0x0000000707e00000| Untracked 
|  42|0x0000000708000000, 0x0000000708000000, 0x0000000708200000|  0%| F|  |TAMS 0x0000000708000000, 0x0000000708000000| Untracked 
|  43|0x0000000708200000, 0x0000000708200000, 0x0000000708400000|  0%| F|  |TAMS 0x0000000708200000, 0x0000000708200000| Untracked 
|  44|0x0000000708400000, 0x0000000708400000, 0x0000000708600000|  0%| F|  |TAMS 0x0000000708400000, 0x0000000708400000| Untracked 
|  45|0x0000000708600000, 0x0000000708600000, 0x0000000708800000|  0%| F|  |TAMS 0x0000000708600000, 0x0000000708600000| Untracked 
|  46|0x0000000708800000, 0x0000000708800000, 0x0000000708a00000|  0%| F|  |TAMS 0x0000000708800000, 0x0000000708800000| Untracked 
|  47|0x0000000708a00000, 0x0000000708a00000, 0x0000000708c00000|  0%| F|  |TAMS 0x0000000708a00000, 0x0000000708a00000| Untracked 
|  48|0x0000000708c00000, 0x0000000708c00000, 0x0000000708e00000|  0%| F|  |TAMS 0x0000000708c00000, 0x0000000708c00000| Untracked 
|  49|0x0000000708e00000, 0x0000000708e00000, 0x0000000709000000|  0%| F|  |TAMS 0x0000000708e00000, 0x0000000708e00000| Untracked 
|  50|0x0000000709000000, 0x0000000709000000, 0x0000000709200000|  0%| F|  |TAMS 0x0000000709000000, 0x0000000709000000| Untracked 
|  51|0x0000000709200000, 0x0000000709200000, 0x0000000709400000|  0%| F|  |TAMS 0x0000000709200000, 0x0000000709200000| Untracked 
|  52|0x0000000709400000, 0x0000000709400000, 0x0000000709600000|  0%| F|  |TAMS 0x0000000709400000, 0x0000000709400000| Untracked 
|  53|0x0000000709600000, 0x0000000709600000, 0x0000000709800000|  0%| F|  |TAMS 0x0000000709600000, 0x0000000709600000| Untracked 
|  54|0x0000000709800000, 0x0000000709800000, 0x0000000709a00000|  0%| F|  |TAMS 0x0000000709800000, 0x0000000709800000| Untracked 
|  55|0x0000000709a00000, 0x0000000709a00000, 0x0000000709c00000|  0%| F|  |TAMS 0x0000000709a00000, 0x0000000709a00000| Untracked 
|  56|0x0000000709c00000, 0x0000000709c00000, 0x0000000709e00000|  0%| F|  |TAMS 0x0000000709c00000, 0x0000000709c00000| Untracked 
|  57|0x0000000709e00000, 0x0000000709e00000, 0x000000070a000000|  0%| F|  |TAMS 0x0000000709e00000, 0x0000000709e00000| Untracked 
|  58|0x000000070a000000, 0x000000070a000000, 0x000000070a200000|  0%| F|  |TAMS 0x000000070a000000, 0x000000070a000000| Untracked 
|  59|0x000000070a200000, 0x000000070a200000, 0x000000070a400000|  0%| F|  |TAMS 0x000000070a200000, 0x000000070a200000| Untracked 
|  60|0x000000070a400000, 0x000000070a400000, 0x000000070a600000|  0%| F|  |TAMS 0x000000070a400000, 0x000000070a400000| Untracked 
|  61|0x000000070a600000, 0x000000070a600000, 0x000000070a800000|  0%| F|  |TAMS 0x000000070a600000, 0x000000070a600000| Untracked 
|  62|0x000000070a800000, 0x000000070a800000, 0x000000070aa00000|  0%| F|  |TAMS 0x000000070a800000, 0x000000070a800000| Untracked 
|  63|0x000000070aa00000, 0x000000070aa00000, 0x000000070ac00000|  0%| F|  |TAMS 0x000000070aa00000, 0x000000070aa00000| Untracked 
|  64|0x000000070ac00000, 0x000000070ac00000, 0x000000070ae00000|  0%| F|  |TAMS 0x000000070ac00000, 0x000000070ac00000| Untracked 
|  65|0x000000070ae00000, 0x000000070ae00000, 0x000000070b000000|  0%| F|  |TAMS 0x000000070ae00000, 0x000000070ae00000| Untracked 
|  66|0x000000070b000000, 0x000000070b000000, 0x000000070b200000|  0%| F|  |TAMS 0x000000070b000000, 0x000000070b000000| Untracked 
|  67|0x000000070b200000, 0x000000070b200000, 0x000000070b400000|  0%| F|  |TAMS 0x000000070b200000, 0x000000070b200000| Untracked 
|  68|0x000000070b400000, 0x000000070b400000, 0x000000070b600000|  0%| F|  |TAMS 0x000000070b400000, 0x000000070b400000| Untracked 
|  69|0x000000070b600000, 0x000000070b600000, 0x000000070b800000|  0%| F|  |TAMS 0x000000070b600000, 0x000000070b600000| Untracked 
|  70|0x000000070b800000, 0x000000070b800000, 0x000000070ba00000|  0%| F|  |TAMS 0x000000070b800000, 0x000000070b800000| Untracked 
|  71|0x000000070ba00000, 0x000000070ba00000, 0x000000070bc00000|  0%| F|  |TAMS 0x000000070ba00000, 0x000000070ba00000| Untracked 
|  72|0x000000070bc00000, 0x000000070bc00000, 0x000000070be00000|  0%| F|  |TAMS 0x000000070bc00000, 0x000000070bc00000| Untracked 
|  73|0x000000070be00000, 0x000000070be00000, 0x000000070c000000|  0%| F|  |TAMS 0x000000070be00000, 0x000000070be00000| Untracked 
|  74|0x000000070c000000, 0x000000070c000000, 0x000000070c200000|  0%| F|  |TAMS 0x000000070c000000, 0x000000070c000000| Untracked 
|  75|0x000000070c200000, 0x000000070c200000, 0x000000070c400000|  0%| F|  |TAMS 0x000000070c200000, 0x000000070c200000| Untracked 
|  76|0x000000070c400000, 0x000000070c400000, 0x000000070c600000|  0%| F|  |TAMS 0x000000070c400000, 0x000000070c400000| Untracked 
|  77|0x000000070c600000, 0x000000070c600000, 0x000000070c800000|  0%| F|  |TAMS 0x000000070c600000, 0x000000070c600000| Untracked 
|  78|0x000000070c800000, 0x000000070c800000, 0x000000070ca00000|  0%| F|  |TAMS 0x000000070c800000, 0x000000070c800000| Untracked 
|  79|0x000000070ca00000, 0x000000070ca00000, 0x000000070cc00000|  0%| F|  |TAMS 0x000000070ca00000, 0x000000070ca00000| Untracked 
|  80|0x000000070cc00000, 0x000000070cc00000, 0x000000070ce00000|  0%| F|  |TAMS 0x000000070cc00000, 0x000000070cc00000| Untracked 
|  81|0x000000070ce00000, 0x000000070ce00000, 0x000000070d000000|  0%| F|  |TAMS 0x000000070ce00000, 0x000000070ce00000| Untracked 
|  82|0x000000070d000000, 0x000000070d000000, 0x000000070d200000|  0%| F|  |TAMS 0x000000070d000000, 0x000000070d000000| Untracked 
|  83|0x000000070d200000, 0x000000070d200000, 0x000000070d400000|  0%| F|  |TAMS 0x000000070d200000, 0x000000070d200000| Untracked 
|  84|0x000000070d400000, 0x000000070d400000, 0x000000070d600000|  0%| F|  |TAMS 0x000000070d400000, 0x000000070d400000| Untracked 
|  85|0x000000070d600000, 0x000000070d600000, 0x000000070d800000|  0%| F|  |TAMS 0x000000070d600000, 0x000000070d600000| Untracked 
|  86|0x000000070d800000, 0x000000070d800000, 0x000000070da00000|  0%| F|  |TAMS 0x000000070d800000, 0x000000070d800000| Untracked 
|  87|0x000000070da00000, 0x000000070da00000, 0x000000070dc00000|  0%| F|  |TAMS 0x000000070da00000, 0x000000070da00000| Untracked 
|  88|0x000000070dc00000, 0x000000070dc00000, 0x000000070de00000|  0%| F|  |TAMS 0x000000070dc00000, 0x000000070dc00000| Untracked 
|  89|0x000000070de00000, 0x000000070de00000, 0x000000070e000000|  0%| F|  |TAMS 0x000000070de00000, 0x000000070de00000| Untracked 
|  90|0x000000070e000000, 0x000000070e000000, 0x000000070e200000|  0%| F|  |TAMS 0x000000070e000000, 0x000000070e000000| Untracked 
|  91|0x000000070e200000, 0x000000070e200000, 0x000000070e400000|  0%| F|  |TAMS 0x000000070e200000, 0x000000070e200000| Untracked 
|  92|0x000000070e400000, 0x000000070e400000, 0x000000070e600000|  0%| F|  |TAMS 0x000000070e400000, 0x000000070e400000| Untracked 
|  93|0x000000070e600000, 0x000000070e600000, 0x000000070e800000|  0%| F|  |TAMS 0x000000070e600000, 0x000000070e600000| Untracked 
|  94|0x000000070e800000, 0x000000070e800000, 0x000000070ea00000|  0%| F|  |TAMS 0x000000070e800000, 0x000000070e800000| Untracked 
|  95|0x000000070ea00000, 0x000000070ea00000, 0x000000070ec00000|  0%| F|  |TAMS 0x000000070ea00000, 0x000000070ea00000| Untracked 
|  96|0x000000070ec00000, 0x000000070ec00000, 0x000000070ee00000|  0%| F|  |TAMS 0x000000070ec00000, 0x000000070ec00000| Untracked 
|  97|0x000000070ee00000, 0x000000070ee00000, 0x000000070f000000|  0%| F|  |TAMS 0x000000070ee00000, 0x000000070ee00000| Untracked 
|  98|0x000000070f000000, 0x000000070f000000, 0x000000070f200000|  0%| F|  |TAMS 0x000000070f000000, 0x000000070f000000| Untracked 
|  99|0x000000070f200000, 0x000000070f200000, 0x000000070f400000|  0%| F|  |TAMS 0x000000070f200000, 0x000000070f200000| Untracked 
| 100|0x000000070f400000, 0x000000070f400000, 0x000000070f600000|  0%| F|  |TAMS 0x000000070f400000, 0x000000070f400000| Untracked 
| 101|0x000000070f600000, 0x000000070f600000, 0x000000070f800000|  0%| F|  |TAMS 0x000000070f600000, 0x000000070f600000| Untracked 
| 102|0x000000070f800000, 0x000000070f800000, 0x000000070fa00000|  0%| F|  |TAMS 0x000000070f800000, 0x000000070f800000| Untracked 
| 103|0x000000070fa00000, 0x000000070fa00000, 0x000000070fc00000|  0%| F|  |TAMS 0x000000070fa00000, 0x000000070fa00000| Untracked 
| 104|0x000000070fc00000, 0x000000070fc00000, 0x000000070fe00000|  0%| F|  |TAMS 0x000000070fc00000, 0x000000070fc00000| Untracked 
| 105|0x000000070fe00000, 0x000000070fe00000, 0x0000000710000000|  0%| F|  |TAMS 0x000000070fe00000, 0x000000070fe00000| Untracked 
| 106|0x0000000710000000, 0x0000000710000000, 0x0000000710200000|  0%| F|  |TAMS 0x0000000710000000, 0x0000000710000000| Untracked 
| 107|0x0000000710200000, 0x0000000710200000, 0x0000000710400000|  0%| F|  |TAMS 0x0000000710200000, 0x0000000710200000| Untracked 
| 108|0x0000000710400000, 0x0000000710400000, 0x0000000710600000|  0%| F|  |TAMS 0x0000000710400000, 0x0000000710400000| Untracked 
| 109|0x0000000710600000, 0x0000000710600000, 0x0000000710800000|  0%| F|  |TAMS 0x0000000710600000, 0x0000000710600000| Untracked 
| 110|0x0000000710800000, 0x0000000710800000, 0x0000000710a00000|  0%| F|  |TAMS 0x0000000710800000, 0x0000000710800000| Untracked 
| 111|0x0000000710a00000, 0x0000000710a00000, 0x0000000710c00000|  0%| F|  |TAMS 0x0000000710a00000, 0x0000000710a00000| Untracked 
| 112|0x0000000710c00000, 0x0000000710c00000, 0x0000000710e00000|  0%| F|  |TAMS 0x0000000710c00000, 0x0000000710c00000| Untracked 
| 113|0x0000000710e00000, 0x0000000710e00000, 0x0000000711000000|  0%| F|  |TAMS 0x0000000710e00000, 0x0000000710e00000| Untracked 
| 114|0x0000000711000000, 0x0000000711000000, 0x0000000711200000|  0%| F|  |TAMS 0x0000000711000000, 0x0000000711000000| Untracked 
| 115|0x0000000711200000, 0x0000000711200000, 0x0000000711400000|  0%| F|  |TAMS 0x0000000711200000, 0x0000000711200000| Untracked 
| 116|0x0000000711400000, 0x0000000711400000, 0x0000000711600000|  0%| F|  |TAMS 0x0000000711400000, 0x0000000711400000| Untracked 
| 117|0x0000000711600000, 0x0000000711600000, 0x0000000711800000|  0%| F|  |TAMS 0x0000000711600000, 0x0000000711600000| Untracked 
| 118|0x0000000711800000, 0x0000000711800000, 0x0000000711a00000|  0%| F|  |TAMS 0x0000000711800000, 0x0000000711800000| Untracked 
| 119|0x0000000711a00000, 0x0000000711a00000, 0x0000000711c00000|  0%| F|  |TAMS 0x0000000711a00000, 0x0000000711a00000| Untracked 
| 120|0x0000000711c00000, 0x0000000711c00000, 0x0000000711e00000|  0%| F|  |TAMS 0x0000000711c00000, 0x0000000711c00000| Untracked 
| 121|0x0000000711e00000, 0x0000000711e00000, 0x0000000712000000|  0%| F|  |TAMS 0x0000000711e00000, 0x0000000711e00000| Untracked 
| 122|0x0000000712000000, 0x00000007121c4038, 0x0000000712200000| 88%| E|  |TAMS 0x0000000712000000, 0x0000000712000000| Complete 
| 123|0x0000000712200000, 0x0000000712400000, 0x0000000712400000|100%| E|CS|TAMS 0x0000000712200000, 0x0000000712200000| Complete 
| 124|0x0000000712400000, 0x0000000712600000, 0x0000000712600000|100%| E|CS|TAMS 0x0000000712400000, 0x0000000712400000| Complete 
| 125|0x0000000712600000, 0x0000000712800000, 0x0000000712800000|100%| E|  |TAMS 0x0000000712600000, 0x0000000712600000| Complete 
| 126|0x0000000712800000, 0x0000000712a00000, 0x0000000712a00000|100%| E|CS|TAMS 0x0000000712800000, 0x0000000712800000| Complete 

Card table byte_map: [0x000001f0f7a20000,0x000001f0f8210000] _byte_map_base: 0x000001f0f420a000

Marking Bits (Prev, Next): (CMBitMap*) 0x000001f0ef6da900, (CMBitMap*) 0x000001f0ef6da940
 Prev Bits: [0x000001f0f8a00000, 0x000001f0fc950000)
 Next Bits: [0x000001f08f000000, 0x000001f092f50000)

Polling page: 0x000001f0ed650000

Metaspace:

Usage:
  Non-class:      1.66 MB used.
      Class:    149.02 KB used.
       Both:      1.80 MB used.

Virtual space:
  Non-class space:       64.00 MB reserved,       1.69 MB (  3%) committed,  1 nodes.
      Class space:        1.00 GB reserved,     256.00 KB ( <1%) committed,  1 nodes.
             Both:        1.06 GB reserved,       1.94 MB ( <1%) committed. 

Chunk freelists:
   Non-Class:  11.45 MB
       Class:  15.67 MB
        Both:  27.12 MB

MaxMetaspaceSize: unlimited
CompressedClassSpaceSize: 1.00 GB
Initial GC threshold: 21.00 MB
Current GC threshold: 21.00 MB
CDS: on
MetaspaceReclaimPolicy: balanced
 - commit_granule_bytes: 65536.
 - commit_granule_words: 8192.
 - virtual_space_node_default_size: 8388608.
 - enlarge_chunks_in_place: 1.
 - new_chunks_are_fully_committed: 0.
 - uncommit_free_chunks: 1.
 - use_allocation_guard: 0.
 - handle_deallocations: 1.


Internal statistics:

num_allocs_failed_limit: 0.
num_arena_births: 42.
num_arena_deaths: 0.
num_vsnodes_births: 2.
num_vsnodes_deaths: 0.
num_space_committed: 31.
num_space_uncommitted: 0.
num_chunks_returned_to_freelist: 0.
num_chunks_taken_from_freelist: 74.
num_chunk_merges: 0.
num_chunk_splits: 46.
num_chunks_enlarged: 31.
num_purges: 0.
num_inconsistent_stats: 0.

CodeHeap 'non-profiled nmethods': size=120000Kb used=183Kb max_used=183Kb free=119817Kb
 bounds [0x000001f087ad0000, 0x000001f087d40000, 0x000001f08f000000]
CodeHeap 'profiled nmethods': size=120000Kb used=939Kb max_used=939Kb free=119060Kb
 bounds [0x000001f080000000, 0x000001f080270000, 0x000001f087530000]
CodeHeap 'non-nmethods': size=5760Kb used=1115Kb max_used=1131Kb free=4644Kb
 bounds [0x000001f087530000, 0x000001f0877a0000, 0x000001f087ad0000]
 total_blobs=937 nmethods=545 adapters=305
 compilation: enabled
              stopped_count=0, restarted_count=0
 full_count=0

Compilation events (20 events):
Event: 0.501 Thread 0x000001f0d82a7570 nmethod 529 0x000001f087afbf10 code [0x000001f087afc080, 0x000001f087afc458]
Event: 0.501 Thread 0x000001f0d82a7570  535       4       java.util.Arrays::copyOfRange (64 bytes)
Event: 0.504 Thread 0x000001f0d82a7570 nmethod 535 0x000001f087afc590 code [0x000001f087afc720, 0x000001f087afca38]
Event: 0.506 Thread 0x000001f0ff3b2780  538       1       jdk.internal.jimage.ImageHeader::getTableLength (5 bytes)
Event: 0.506 Thread 0x000001f0ff3b2780 nmethod 538 0x000001f087afd010 code [0x000001f087afd1a0, 0x000001f087afd278]
Event: 0.506 Thread 0x000001f0ff3b2780  539       3       java.util.concurrent.ConcurrentHashMap$Traverser::advance (188 bytes)
Event: 0.507 Thread 0x000001f0ff3b2780 nmethod 539 0x000001f0800e6890 code [0x000001f0800e6ae0, 0x000001f0800e7708]
Event: 0.507 Thread 0x000001f0ff3b2780  542       3       jdk.internal.jimage.ImageLocation::readValue (61 bytes)
Event: 0.507 Thread 0x000001f0ff3b2780 nmethod 542 0x000001f0800e7990 code [0x000001f0800e7b60, 0x000001f0800e7f38]
Event: 0.507 Thread 0x000001f0ff3b2780  540   !   3       java.nio.DirectIntBufferU::get (34 bytes)
Event: 0.508 Thread 0x000001f0ff3b2780 nmethod 540 0x000001f0800e8110 code [0x000001f0800e8340, 0x000001f0800e8b98]
Event: 0.508 Thread 0x000001f0ff3b2780  541       3       java.nio.DirectIntBufferU::ix (10 bytes)
Event: 0.508 Thread 0x000001f0ff3b2780 nmethod 541 0x000001f0800e9010 code [0x000001f0800e91a0, 0x000001f0800e92b8]
Event: 0.508 Thread 0x000001f0ff3b2780  543       3       jdk.internal.org.objectweb.asm.ByteVector::put12 (64 bytes)
Event: 0.509 Thread 0x000001f0ff3b2780 nmethod 543 0x000001f0800e9390 code [0x000001f0800e9540, 0x000001f0800e9788]
Event: 0.509 Thread 0x000001f0ff3b2780  546       3       jdk.internal.org.objectweb.asm.MethodWriter::visitVarInsn (302 bytes)
Event: 0.510 Thread 0x000001f0ff3b2780 nmethod 546 0x000001f0800e9910 code [0x000001f0800e9b60, 0x000001f0800ea508]
Event: 0.510 Thread 0x000001f0ff3b2780  544       3       jdk.internal.org.objectweb.asm.ByteVector::put11 (52 bytes)
Event: 0.510 Thread 0x000001f0ff3b2780 nmethod 544 0x000001f0800ea790 code [0x000001f0800ea940, 0x000001f0800eab68]
Event: 0.510 Thread 0x000001f0ff3b2780  545       3       java.lang.invoke.InvokerBytecodeGenerator::emitImplicitConversion (161 bytes)

GC Heap History (0 events):
No events

Deoptimization events (20 events):
Event: 0.409 Thread 0x000001f0ef667f90 Uncommon trap: trap_request=0xffffff45 fr.pc=0x000001f087aea954 relative=0x0000000000000534
Event: 0.409 Thread 0x000001f0ef667f90 Uncommon trap: reason=unstable_if action=reinterpret pc=0x000001f087aea954 method=java.lang.StringLatin1.indexOf([BI[BII)I @ 80 c2
Event: 0.409 Thread 0x000001f0ef667f90 DEOPT PACKING pc=0x000001f087aea954 sp=0x000000ac3ddfe170
Event: 0.409 Thread 0x000001f0ef667f90 DEOPT UNPACKING pc=0x000001f0875823a3 sp=0x000000ac3ddfe0d0 mode 2
Event: 0.411 Thread 0x000001f0ef667f90 Uncommon trap: trap_request=0xffffff45 fr.pc=0x000001f087ad9fe4 relative=0x0000000000000064
Event: 0.411 Thread 0x000001f0ef667f90 Uncommon trap: reason=unstable_if action=reinterpret pc=0x000001f087ad9fe4 method=java.io.WinNTFileSystem.isSlash(C)Z @ 9 c2
Event: 0.411 Thread 0x000001f0ef667f90 DEOPT PACKING pc=0x000001f087ad9fe4 sp=0x000000ac3ddfde40
Event: 0.411 Thread 0x000001f0ef667f90 DEOPT UNPACKING pc=0x000001f0875823a3 sp=0x000000ac3ddfddc8 mode 2
Event: 0.413 Thread 0x000001f0ef667f90 DEOPT PACKING pc=0x000001f080032056 sp=0x000000ac3ddfd250
Event: 0.413 Thread 0x000001f0ef667f90 DEOPT UNPACKING pc=0x000001f087582b43 sp=0x000000ac3ddfc6d8 mode 0
Event: 0.415 Thread 0x000001f0ef667f90 DEOPT PACKING pc=0x000001f080032056 sp=0x000000ac3ddf9aa0
Event: 0.415 Thread 0x000001f0ef667f90 DEOPT UNPACKING pc=0x000001f087582b43 sp=0x000000ac3ddf8f28 mode 0
Event: 0.487 Thread 0x000001f0ef667f90 DEOPT PACKING pc=0x000001f08001ae3e sp=0x000000ac3ddfc9b0
Event: 0.487 Thread 0x000001f0ef667f90 DEOPT UNPACKING pc=0x000001f087582b43 sp=0x000000ac3ddfbe50 mode 0
Event: 0.495 Thread 0x000001f0ef667f90 DEOPT PACKING pc=0x000001f0800a4d65 sp=0x000000ac3ddfcef0
Event: 0.495 Thread 0x000001f0ef667f90 DEOPT UNPACKING pc=0x000001f087582b43 sp=0x000000ac3ddfc340 mode 0
Event: 0.500 Thread 0x000001f0ef667f90 Uncommon trap: trap_request=0xffffff45 fr.pc=0x000001f087afaea4 relative=0x0000000000000284
Event: 0.500 Thread 0x000001f0ef667f90 Uncommon trap: reason=unstable_if action=reinterpret pc=0x000001f087afaea4 method=java.io.BufferedReader.read()I @ 19 c2
Event: 0.500 Thread 0x000001f0ef667f90 DEOPT PACKING pc=0x000001f087afaea4 sp=0x000000ac3ddfcef0
Event: 0.500 Thread 0x000001f0ef667f90 DEOPT UNPACKING pc=0x000001f0875823a3 sp=0x000000ac3ddfce30 mode 2

Classes unloaded (0 events):
No events

Classes redefined (0 events):
No events

Internal exceptions (4 events):
Event: 0.469 Thread 0x000001f0ef667f90 Exception <a 'java/lang/NoSuchMethodError'{0x00000007121031e8}: 'java.lang.Object java.lang.invoke.DirectMethodHandle$Holder.invokeSpecial(java.lang.Object, java.lang.Object, java.lang.Object, long, java.lang.Object)'> (0x00000007121031e8) 
thrown [s\open\src\hotspot\share\interpreter\linkResolver.cpp, line 759]
Event: 0.470 Thread 0x000001f0ef667f90 Exception <a 'java/lang/NoSuchMethodError'{0x0000000712106e88}: 'java.lang.Object java.lang.invoke.Invokers$Holder.linkToTargetMethod(java.lang.Object, long, java.lang.Object, java.lang.Object)'> (0x0000000712106e88) 
thrown [s\open\src\hotspot\share\interpreter\linkResolver.cpp, line 759]
Event: 0.497 Thread 0x000001f0ef667f90 Exception <a 'java/lang/ClassNotFoundException'{0x00000007121398d8}: javax/smartcardio/CardPermission> (0x00000007121398d8) 
thrown [s\open\src\hotspot\share\classfile\systemDictionary.cpp, line 256]
Event: 0.501 Thread 0x000001f0ef667f90 Exception <a 'java/io/FileNotFoundException'{0x0000000712147f10}> (0x0000000712147f10) 
thrown [s\open\src\hotspot\share\prims\jni.cpp, line 516]

VM Operations (8 events):
Event: 0.255 Executing VM operation: HandshakeAllThreads
Event: 0.255 Executing VM operation: HandshakeAllThreads done
Event: 0.393 Executing VM operation: HandshakeAllThreads
Event: 0.393 Executing VM operation: HandshakeAllThreads done
Event: 0.408 Executing VM operation: HandshakeAllThreads
Event: 0.408 Executing VM operation: HandshakeAllThreads done
Event: 0.411 Executing VM operation: HandshakeAllThreads
Event: 0.411 Executing VM operation: HandshakeAllThreads done

Events (20 events):
Event: 0.504 loading class sun/security/provider/PolicyFile$8
Event: 0.504 loading class sun/security/provider/PolicyFile$8 done
Event: 0.504 loading class sun/security/provider/PolicyFile$SelfPermission
Event: 0.504 loading class sun/security/provider/PolicyFile$SelfPermission done
Event: 0.504 loading class java/net/SocketPermissionCollection
Event: 0.504 loading class java/net/SocketPermissionCollection done
Event: 0.504 loading class java/net/SocketPermissionCollection$1
Event: 0.504 loading class java/net/SocketPermissionCollection$1 done
Event: 0.504 loading class java/util/PropertyPermissionCollection
Event: 0.504 loading class java/util/PropertyPermissionCollection done
Event: 0.505 loading class java/util/PropertyPermissionCollection$1
Event: 0.505 loading class java/util/PropertyPermissionCollection$1 done
Event: 0.505 loading class java/io/FilePermissionCollection
Event: 0.505 loading class java/io/FilePermissionCollection done
Event: 0.505 loading class java/io/FilePermissionCollection$1
Event: 0.505 loading class java/io/FilePermissionCollection$1 done
Event: 0.505 loading class java/security/PermissionsEnumerator
Event: 0.505 loading class java/security/PermissionsEnumerator done
Event: 0.505 loading class java/security/AccessControlException
Event: 0.506 loading class java/security/AccessControlException done


Dynamic libraries:
0x00007ff7084f0000 - 0x00007ff708500000 	C:\Program Files\Java\jdk-17\bin\java.exe
0x00007fff2d590000 - 0x00007fff2d788000 	C:\Windows\SYSTEM32\ntdll.dll
0x00007fff2d490000 - 0x00007fff2d54d000 	C:\Windows\System32\KERNEL32.DLL
0x00007fff2af90000 - 0x00007fff2b286000 	C:\Windows\System32\KERNELBASE.dll
0x00007fff2ae00000 - 0x00007fff2af00000 	C:\Windows\System32\ucrtbase.dll
0x00007ffee9ee0000 - 0x00007ffee9ef9000 	C:\Program Files\Java\jdk-17\bin\jli.dll
0x00007fff2bbc0000 - 0x00007fff2bc6f000 	C:\Windows\System32\ADVAPI32.dll
0x00007fff2b8a0000 - 0x00007fff2b93e000 	C:\Windows\System32\msvcrt.dll
0x00007fff2c3c0000 - 0x00007fff2c45c000 	C:\Windows\System32\sechost.dll
0x00007fff2c000000 - 0x00007fff2c126000 	C:\Windows\System32\RPCRT4.dll
0x00007fff2b9c0000 - 0x00007fff2bb5e000 	C:\Windows\System32\USER32.dll
0x00007fff2b3b0000 - 0x00007fff2b3d2000 	C:\Windows\System32\win32u.dll
0x00007fff2bc70000 - 0x00007fff2bc9c000 	C:\Windows\System32\GDI32.dll
0x00007fff2b3e0000 - 0x00007fff2b4fa000 	C:\Windows\System32\gdi32full.dll
0x00007fff2b500000 - 0x00007fff2b59d000 	C:\Windows\System32\msvcp_win.dll
0x00007ffee9520000 - 0x00007ffee953b000 	C:\Program Files\Java\jdk-17\bin\VCRUNTIME140.dll
0x00007fff12880000 - 0x00007fff12b1a000 	C:\Windows\WinSxS\amd64_microsoft.windows.common-controls_6595b64144ccf1df_6.0.19041.3636_none_60b6a03d71f818d5\COMCTL32.dll
0x00007fff210a0000 - 0x00007fff210aa000 	C:\Windows\SYSTEM32\VERSION.dll
0x00007fff2ca00000 - 0x00007fff2ca30000 	C:\Windows\System32\IMM32.DLL
0x00007fff22760000 - 0x00007fff2276c000 	C:\Program Files\Java\jdk-17\bin\vcruntime140_1.dll
0x00007ffeaa7c0000 - 0x00007ffeaa84e000 	C:\Program Files\Java\jdk-17\bin\msvcp140.dll
0x00007ffe8ca70000 - 0x00007ffe8d64e000 	C:\Program Files\Java\jdk-17\bin\server\jvm.dll
0x00007fff2c130000 - 0x00007fff2c138000 	C:\Windows\System32\PSAPI.DLL
0x00007fff220b0000 - 0x00007fff220b9000 	C:\Windows\SYSTEM32\WSOCK32.dll
0x00007fff2c140000 - 0x00007fff2c1ab000 	C:\Windows\System32\WS2_32.dll
0x00007fff16270000 - 0x00007fff16297000 	C:\Windows\SYSTEM32\WINMM.dll
0x00007fff28af0000 - 0x00007fff28b02000 	C:\Windows\SYSTEM32\kernel.appcore.dll
0x00007fff21f30000 - 0x00007fff21f3a000 	C:\Program Files\Java\jdk-17\bin\jimage.dll
0x00007fff13650000 - 0x00007fff13834000 	C:\Windows\SYSTEM32\DBGHELP.DLL
0x00007ffefa940000 - 0x00007ffefa974000 	C:\Windows\SYSTEM32\dbgcore.DLL
0x00007fff2af00000 - 0x00007fff2af82000 	C:\Windows\System32\bcryptPrimitives.dll
0x00007ffedcb70000 - 0x00007ffedcb95000 	C:\Program Files\Java\jdk-17\bin\java.dll
0x00007ffea42e0000 - 0x00007ffea43b7000 	C:\Program Files\Java\jdk-17\bin\jsvml.dll
0x00007fff2cce0000 - 0x00007fff2d424000 	C:\Windows\System32\SHELL32.dll
0x00007fff28cf0000 - 0x00007fff2948b000 	C:\Windows\SYSTEM32\windows.storage.dll
0x00007fff2bca0000 - 0x00007fff2bff4000 	C:\Windows\System32\combase.dll
0x00007fff2a6b0000 - 0x00007fff2a6dd000 	C:\Windows\SYSTEM32\Wldp.dll
0x00007fff2cac0000 - 0x00007fff2cb6d000 	C:\Windows\System32\SHCORE.dll
0x00007fff2b960000 - 0x00007fff2b9b5000 	C:\Windows\System32\shlwapi.dll
0x00007fff2aba0000 - 0x00007fff2abc5000 	C:\Windows\SYSTEM32\profapi.dll
0x00007ffee9420000 - 0x00007ffee9439000 	C:\Program Files\Java\jdk-17\bin\net.dll
0x00007fff24990000 - 0x00007fff24a9a000 	C:\Windows\SYSTEM32\WINHTTP.dll
0x00007fff2a3d0000 - 0x00007fff2a43a000 	C:\Windows\system32\mswsock.dll
0x00007ffee5b30000 - 0x00007ffee5b46000 	C:\Program Files\Java\jdk-17\bin\nio.dll
0x00007ffebed30000 - 0x00007ffebed48000 	C:\Program Files\Java\jdk-17\bin\zip.dll

dbghelp: loaded successfully - version: 4.0.5 - missing functions: none
symbol engine: initialized successfully - sym options: 0x614 - pdb path: .;C:\Program Files\Java\jdk-17\bin;C:\Windows\SYSTEM32;C:\Windows\WinSxS\amd64_microsoft.windows.common-controls_6595b64144ccf1df_6.0.19041.3636_none_60b6a03d71f818d5;C:\Program Files\Java\jdk-17\bin\server

VM Arguments:
jvm_args: -XX:+ShowCodeDetailsInExceptionMessages 
java_command: com.apapedia.frontend.FrontendApplication
java_class_path (initial): D:\Kuliah\Semester 5\APAP\tk\tk_b_yzf_21\frontend\build\resources\main;D:\Kuliah\Semester 5\APAP\tk\tk_b_yzf_21\frontend\build\classes\java\main;C:\Users\User\.gradle\caches\modules-2\files-2.1\ch.qos.logback\logback-core\1.4.11\2f9f280219a9922a74200eaf7138c4c17fb87c0f\logback-core-1.4.11.jar;C:\Users\User\.gradle\caches\modules-2\files-2.1\org.springframework\spring-webflux\6.0.13\d2480d11cb07a5fb755621dd3abf329b070b355d\spring-webflux-6.0.13.jar;C:\Users\User\.gradle\caches\modules-2\files-2.1\org.glassfish.jaxb\jaxb-runtime\4.0.2\e4e4e0c5b0d42054d00dc4023901572a60d368c7\jaxb-runtime-4.0.2.jar;C:\Users\User\.gradle\caches\modules-2\files-2.1\org.jboss.logging\jboss-logging\3.5.3.Final\c88fc1d8a96d4c3491f55d4317458ccad53ca663\jboss-logging-3.5.3.Final.jar;C:\Users\User\.gradle\caches\modules-2\files-2.1\io.netty\netty-buffer\4.1.100.Final\39b05d2d4027971bf99111a9be1d7035a116bb55\netty-buffer-4.1.100.Final.jar;C:\Users\User\.gradle\caches\modules-2\files-2.1\org.springframework.boot\spring-boot\3.1.5\c188015a5a79f5df65e876dcfdef16148c45fe2c\spring-boot-3.1.5.jar;C:\Users\User\.gradle\caches\modules-2\files-2.1\org.springframework\spring-context\6.0.13\4c49af6dde7fce9602049f952b45ca29f30e2a37\spring-context-6.0.13.jar;C:\Users\User\.gradle\caches\modules-2\files-2.1\io.netty\netty-codec-socks\4.1.100.Final\a9fbf4d64b08abed542eefd5f7aed4807edca56f\netty-codec-socks-4.1.100.Final.jar;C:\Users\User\.gradle\caches\modules-2\files-2.1\io.netty\netty-resolver\4.1.100.Final\fe62f9ccd41b8660d07639dbbab8ae1edd6f2720\netty-resolver-4.1.100.Final.jar;C:\Users\User\.gradle\caches\modules-2\files-2.1\io.netty\netty-codec\4.1.100.Final\9c3c71e7cf3b8ce3bfc9fa52a524b9ca7ddf259c\netty-codec-4.1.100.Final.jar;C:\Users\User\.gradle\caches\modules-2\files-2.1\com.sun.istack\istack-commons-runtime\4.1.2\18ec117c85f3ba0ac65409136afa8e42bc74e739\istack-commons-runtime-4.1.2.jar;C:\Users\User\.gradle\caches\modules-2\files-2.1\org.springframework.boot\spring-boo
Launcher Type: SUN_STANDARD

[Global flags]
     intx CICompilerCount                          = 4                                         {product} {ergonomic}
     uint ConcGCThreads                            = 2                                         {product} {ergonomic}
     uint G1ConcRefinementThreads                  = 8                                         {product} {ergonomic}
   size_t G1HeapRegionSize                         = 2097152                                   {product} {ergonomic}
    uintx GCDrainStackTargetSize                   = 64                                        {product} {ergonomic}
   size_t InitialHeapSize                          = 266338304                                 {product} {ergonomic}
   size_t MarkStackSize                            = 4194304                                   {product} {ergonomic}
   size_t MaxHeapSize                              = 4248829952                                {product} {ergonomic}
   size_t MaxNewSize                               = 2548039680                                {product} {ergonomic}
   size_t MinHeapDeltaBytes                        = 2097152                                   {product} {ergonomic}
   size_t MinHeapSize                              = 8388608                                   {product} {ergonomic}
    uintx NonNMethodCodeHeapSize                   = 5839372                                {pd product} {ergonomic}
    uintx NonProfiledCodeHeapSize                  = 122909434                              {pd product} {ergonomic}
    uintx ProfiledCodeHeapSize                     = 122909434                              {pd product} {ergonomic}
    uintx ReservedCodeCacheSize                    = 251658240                              {pd product} {ergonomic}
     bool SegmentedCodeCache                       = true                                      {product} {ergonomic}
     bool ShowCodeDetailsInExceptionMessages       = true                                   {manageable} {command line}
   size_t SoftMaxHeapSize                          = 4248829952                             {manageable} {ergonomic}
     bool UseCompressedClassPointers               = true                           {product lp64_product} {ergonomic}
     bool UseCompressedOops                        = true                           {product lp64_product} {ergonomic}
     bool UseG1GC                                  = true                                      {product} {ergonomic}
     bool UseLargePagesIndividualAllocation        = false                                  {pd product} {ergonomic}

Logging:
Log output configuration:
 #0: stdout all=warning uptime,level,tags
 #1: stderr all=off uptime,level,tags

Environment Variables:
JAVA_HOME=C:\Program Files\Java\jdk-17
PATH=C:\Program Files\Java\jdk-17\bin;C:\Program Files\Common Files\Oracle\Java\javapath;C:\Program Files (x86)\Common Files\Oracle\Java\javapath;C:\Program Files (x86)\VMware\VMware Player\bin\;C:\Program Files\Eclipse Adoptium\jdk-17.0.2.8-hotspot\bin;C:\Program Files (x86)\Common Files\Oracle\Java\javapath;C:\Windows\system32;C:\Windows;C:\Windows\System32\Wbem;C:\Windows\System32\WindowsPowerShell\v1.0\;C:\Windows\System32\OpenSSH\;C:\Program Files (x86)\NVIDIA Corporation\PhysX\Common;C:\Program Files\NVIDIA Corporation\NVIDIA NvDLISR;C:\Program Files\nodejs\;C:\Program Files\dotnet\;C:\Program Files\PuTTY\;C:\Program Files\Git\cmd;;C:\Program Files\Docker\Docker\resources\bin;C:\Users\User\AppData\Local\Programs\Python\Python39\Scripts\;C:\Users\User\AppData\Local\Programs\Python\Python39\;C:\Users\User\AppData\Local\Microsoft\WindowsApps;D:\Microsoft VS Code\bin;C:\Users\User\AppData\Roaming\npm;C:\Users\User\.dotnet\tools;D:\flutter_windows_3.3.7-stable\flutter\bin;;C:\Program Files\JetBrains\IntelliJ IDEA 2023.2.1\bin;
USERNAME=User
LANG=en_US.UTF-8
OS=Windows_NT
PROCESSOR_IDENTIFIER=Intel64 Family 6 Model 165 Stepping 2, GenuineIntel



---------------  S Y S T E M  ---------------

OS:
 Windows 10 , 64 bit Build 19041 (10.0.19041.3636)
OS uptime: 1 days 14:33 hours
Hyper-V role detected

CPU: total 8 (initial active 8) (4 cores per cpu, 2 threads per core) family 6 model 165 stepping 2 microcode 0xe2, cx8, cmov, fxsr, ht, mmx, 3dnowpref, sse, sse2, sse3, ssse3, sse4.1, sse4.2, popcnt, lzcnt, tsc, tscinvbit, avx, avx2, aes, erms, clmul, bmi1, bmi2, adx, fma, vzeroupper, clflush, clflushopt, hv

Memory: 4k page, system-wide physical 16205M (787M free)
TotalPageFile size 32589M (AvailPageFile size 0M)
current process WorkingSet (physical memory assigned to process): 54M, peak: 54M
current process commit charge ("private bytes"): 352M, peak: 352M

vm_info: Java HotSpot(TM) 64-Bit Server VM (17.0.8+9-LTS-211) for windows-amd64 JRE (17.0.8+9-LTS-211), built on Jun 14 2023 10:34:31 by "mach5one" with MS VC++ 17.1 (VS2022)

END.
