#
# There is insufficient memory for the Java Runtime Environment to continue.
# Native memory allocation (malloc) failed to allocate 107936 bytes for Chunk::new
# Possible reasons:
#   The system is out of physical RAM or swap space
#   The process is running with CompressedOops enabled, and the Java Heap may be blocking the growth of the native heap
# Possible solutions:
#   Reduce memory load on the system
#   Increase physical memory or swap space
#   Check if swap backing store is full
#   Decrease Java heap size (-Xmx/-Xms)
#   Decrease number of Java threads
#   Decrease Java thread stack sizes (-Xss)
#   Set larger code cache with -XX:ReservedCodeCacheSize=
#   JVM is running with Zero Based Compressed Oops mode in which the Java heap is
#     placed in the first 32GB address space. The Java Heap base address is the
#     maximum limit for the native heap growth. Please use -XX:HeapBaseMinAddress
#     to set the Java Heap base and to place the Java Heap above 32GB virtual address.
# This output file may be truncated or incomplete.
#
#  Out of Memory Error (arena.cpp:189), pid=17548, tid=14216
#
# JRE version: Java(TM) SE Runtime Environment (17.0.8+9) (build 17.0.8+9-LTS-211)
# Java VM: Java HotSpot(TM) 64-Bit Server VM (17.0.8+9-LTS-211, mixed mode, sharing, tiered, compressed oops, compressed class ptrs, g1 gc, windows-amd64)
# No core dump will be written. Minidumps are not enabled by default on client versions of Windows
#

---------------  S U M M A R Y ------------

Command Line: -XX:+ShowCodeDetailsInExceptionMessages com.apapedia.catalogue.CatalogueApplication

Host: Intel(R) Core(TM) i5-10200H CPU @ 2.40GHz, 8 cores, 15G,  Windows 10 , 64 bit Build 19041 (10.0.19041.3636)
Time: Wed Dec 13 17:49:55 2023 SE Asia Standard Time elapsed time: 9.406589 seconds (0d 0h 0m 9s)

---------------  T H R E A D  ---------------

Current thread (0x000001d4f38a8ed0):  JavaThread "C2 CompilerThread0" daemon [_thread_in_native, id=14216, stack(0x0000007003800000,0x0000007003900000)]


Current CompileTask:
C2:   9406 4875       4       sun.invoke.util.VerifyAccess::isTypeVisible (118 bytes)

Stack: [0x0000007003800000,0x0000007003900000]
Native frames: (J=compiled Java code, j=interpreted, Vv=VM code, C=native code)
V  [jvm.dll+0x677d0a]
V  [jvm.dll+0x7d8c54]
V  [jvm.dll+0x7da3fe]
V  [jvm.dll+0x7daa63]
V  [jvm.dll+0x245c5f]
V  [jvm.dll+0xaaa6b]
V  [jvm.dll+0xab00c]
V  [jvm.dll+0x2ab5cf]
V  [jvm.dll+0x580435]
V  [jvm.dll+0x220b22]
V  [jvm.dll+0x219720]
V  [jvm.dll+0x217329]
V  [jvm.dll+0x1a3af0]
V  [jvm.dll+0x2270be]
V  [jvm.dll+0x22535b]
V  [jvm.dll+0x78e7bc]
V  [jvm.dll+0x788bba]
V  [jvm.dll+0x676b35]
C  [ucrtbase.dll+0x21bb2]
C  [KERNEL32.DLL+0x17344]
C  [ntdll.dll+0x526b1]


---------------  P R O C E S S  ---------------

Threads class SMR info:
_java_thread_list=0x000001d4fbc281b0, length=20, elements={
0x000001d4d0c07940, 0x000001d4f388d7e0, 0x000001d4f388e650, 0x000001d4f38a43d0,
0x000001d4f38a6e90, 0x000001d4f38a7840, 0x000001d4f38a81f0, 0x000001d4f38a8ed0,
0x000001d4f38ad8a0, 0x000001d4f38b82b0, 0x000001d4f3aef2f0, 0x000001d4f3af77c0,
0x000001d4f928d590, 0x000001d4f89eb5d0, 0x000001d4f923a150, 0x000001d4f885edf0,
0x000001d4f97e8cf0, 0x000001d4f83539c0, 0x000001d4fc73ea50, 0x000001d4f97e11a0
}

Java Threads: ( => current thread )
  0x000001d4d0c07940 JavaThread "main" [_thread_blocked, id=22636, stack(0x0000007002b00000,0x0000007002c00000)]
  0x000001d4f388d7e0 JavaThread "Reference Handler" daemon [_thread_blocked, id=16932, stack(0x0000007003200000,0x0000007003300000)]
  0x000001d4f388e650 JavaThread "Finalizer" daemon [_thread_blocked, id=30032, stack(0x0000007003300000,0x0000007003400000)]
  0x000001d4f38a43d0 JavaThread "Signal Dispatcher" daemon [_thread_blocked, id=20340, stack(0x0000007003400000,0x0000007003500000)]
  0x000001d4f38a6e90 JavaThread "Attach Listener" daemon [_thread_blocked, id=19300, stack(0x0000007003500000,0x0000007003600000)]
  0x000001d4f38a7840 JavaThread "Service Thread" daemon [_thread_blocked, id=8512, stack(0x0000007003600000,0x0000007003700000)]
  0x000001d4f38a81f0 JavaThread "Monitor Deflation Thread" daemon [_thread_blocked, id=14528, stack(0x0000007003700000,0x0000007003800000)]
=>0x000001d4f38a8ed0 JavaThread "C2 CompilerThread0" daemon [_thread_in_native, id=14216, stack(0x0000007003800000,0x0000007003900000)]
  0x000001d4f38ad8a0 JavaThread "C1 CompilerThread0" daemon [_thread_blocked, id=16816, stack(0x0000007003900000,0x0000007003a00000)]
  0x000001d4f38b82b0 JavaThread "Sweeper thread" daemon [_thread_blocked, id=18444, stack(0x0000007003a00000,0x0000007003b00000)]
  0x000001d4f3aef2f0 JavaThread "Notification Thread" daemon [_thread_blocked, id=21100, stack(0x0000007003b00000,0x0000007003c00000)]
  0x000001d4f3af77c0 JavaThread "Common-Cleaner" daemon [_thread_blocked, id=13464, stack(0x0000007003d00000,0x0000007003e00000)]
  0x000001d4f928d590 JavaThread "Thread-0" [_thread_blocked, id=19028, stack(0x0000007004000000,0x0000007004100000)]
  0x000001d4f89eb5d0 JavaThread "restartedMain" [_thread_in_vm, id=3468, stack(0x0000007004100000,0x0000007004200000)]
  0x000001d4f923a150 JavaThread "Catalina-utility-1" [_thread_blocked, id=9304, stack(0x0000007004b00000,0x0000007004c00000)]
  0x000001d4f885edf0 JavaThread "Catalina-utility-2" [_thread_blocked, id=20524, stack(0x0000007004c00000,0x0000007004d00000)]
  0x000001d4f97e8cf0 JavaThread "container-0" [_thread_blocked, id=15164, stack(0x0000007004d00000,0x0000007004e00000)]
  0x000001d4f83539c0 JavaThread "PostgreSQL-JDBC-Cleaner" daemon [_thread_blocked, id=11868, stack(0x0000007004f00000,0x0000007005000000)]
  0x000001d4fc73ea50 JavaThread "HikariPool-1 housekeeper" daemon [_thread_blocked, id=25680, stack(0x0000007005000000,0x0000007005100000)]
  0x000001d4f97e11a0 JavaThread "HikariPool-1 connection adder" daemon [_thread_blocked, id=17668, stack(0x0000007005100000,0x0000007005200000)]

Other Threads:
  0x000001d4f38897b0 VMThread "VM Thread" [stack: 0x0000007003100000,0x0000007003200000] [id=28376]
  0x000001d4d0cae180 WatcherThread [stack: 0x0000007003c00000,0x0000007003d00000] [id=28304]
  0x000001d4d0c79bc0 GCTaskThread "GC Thread#0" [stack: 0x0000007002c00000,0x0000007002d00000] [id=26668]
  0x000001d4f8f56230 GCTaskThread "GC Thread#1" [stack: 0x0000007004200000,0x0000007004300000] [id=27484]
  0x000001d4f967f9d0 GCTaskThread "GC Thread#2" [stack: 0x0000007004300000,0x0000007004400000] [id=828]
  0x000001d4f967fc80 GCTaskThread "GC Thread#3" [stack: 0x0000007004400000,0x0000007004500000] [id=28504]
  0x000001d4f8974e50 GCTaskThread "GC Thread#4" [stack: 0x0000007004500000,0x0000007004600000] [id=24536]
  0x000001d4f88a6140 GCTaskThread "GC Thread#5" [stack: 0x0000007004600000,0x0000007004700000] [id=16988]
  0x000001d4f938e600 GCTaskThread "GC Thread#6" [stack: 0x0000007004800000,0x0000007004900000] [id=1916]
  0x000001d4f95f8a50 GCTaskThread "GC Thread#7" [stack: 0x0000007004900000,0x0000007004a00000] [id=19204]
  0x000001d4d0c8a840 ConcurrentGCThread "G1 Main Marker" [stack: 0x0000007002d00000,0x0000007002e00000] [id=17968]
  0x000001d4d0c8b9f0 ConcurrentGCThread "G1 Conc#0" [stack: 0x0000007002e00000,0x0000007002f00000] [id=24332]
  0x000001d4fa01ccf0 ConcurrentGCThread "G1 Conc#1" [stack: 0x0000007004700000,0x0000007004800000] [id=24748]
  0x000001d4f37434e0 ConcurrentGCThread "G1 Refine#0" [stack: 0x0000007002f00000,0x0000007003000000] [id=32056]
  0x000001d4faadf140 ConcurrentGCThread "G1 Refine#1" [stack: 0x0000007004a00000,0x0000007004b00000] [id=31920]
  0x000001d4f3743f00 ConcurrentGCThread "G1 Service" [stack: 0x0000007003000000,0x0000007003100000] [id=19416]

Threads with active compile tasks:
C2 CompilerThread0     9436 4875       4       sun.invoke.util.VerifyAccess::isTypeVisible (118 bytes)

VM state: not at safepoint (normal execution)

VM Mutex/Monitor currently owned by a thread: None

Heap address: 0x0000000702c00000, size: 4052 MB, Compressed Oops mode: Zero based, Oop shift amount: 3

CDS archive(s) mapped at: [0x000001d480000000-0x000001d480bd0000-0x000001d480bd0000), size 12386304, SharedBaseAddress: 0x000001d480000000, ArchiveRelocationMode: 1.
Compressed class space mapped at: 0x000001d481000000-0x000001d4c1000000, reserved size: 1073741824
Narrow klass base: 0x000001d480000000, Narrow klass shift: 0, Narrow klass range: 0x100000000

GC Precious Log:
 CPUs: 8 total, 8 available
 Memory: 16205M
 Large Page Support: Disabled
 NUMA Support: Disabled
 Compressed Oops: Enabled (Zero based)
 Heap Region Size: 2M
 Heap Min Capacity: 8M
 Heap Initial Capacity: 254M
 Heap Max Capacity: 4052M
 Pre-touch: Disabled
 Parallel Workers: 8
 Concurrent Workers: 2
 Concurrent Refinement Workers: 8
 Periodic GC: Disabled

Heap:
 garbage-first heap   total 161792K, used 37965K [0x0000000702c00000, 0x0000000800000000)
  region size 2048K, 10 young (20480K), 1 survivors (2048K)
 Metaspace       used 53060K, committed 53568K, reserved 1114112K
  class space    used 7338K, committed 7552K, reserved 1048576K

Heap Regions: E=young(eden), S=young(survivor), O=old, HS=humongous(starts), HC=humongous(continues), CS=collection set, F=free, OA=open archive, CA=closed archive, TAMS=top-at-mark-start (previous, next)
|   0|0x0000000702c00000, 0x0000000702e00000, 0x0000000702e00000|100%| O|  |TAMS 0x0000000702e00000, 0x0000000702c00000| Untracked 
|   1|0x0000000702e00000, 0x0000000703000000, 0x0000000703000000|100%| O|  |TAMS 0x0000000703000000, 0x0000000702e00000| Untracked 
|   2|0x0000000703000000, 0x0000000703200000, 0x0000000703200000|100%| O|  |TAMS 0x0000000703200000, 0x0000000703000000| Untracked 
|   3|0x0000000703200000, 0x0000000703400000, 0x0000000703400000|100%| O|  |TAMS 0x0000000703308c00, 0x0000000703200000| Untracked 
|   4|0x0000000703400000, 0x0000000703600000, 0x0000000703600000|100%| O|  |TAMS 0x0000000703600000, 0x0000000703400000| Untracked 
|   5|0x0000000703600000, 0x0000000703800000, 0x0000000703800000|100%| O|  |TAMS 0x0000000703800000, 0x0000000703600000| Untracked 
|   6|0x0000000703800000, 0x0000000703a00000, 0x0000000703a00000|100%| O|  |TAMS 0x0000000703a00000, 0x0000000703800000| Untracked 
|   7|0x0000000703a00000, 0x0000000703c00000, 0x0000000703c00000|100%| O|  |TAMS 0x0000000703c00000, 0x0000000703a00000| Untracked 
|   8|0x0000000703c00000, 0x0000000703c00000, 0x0000000703e00000|  0%| F|  |TAMS 0x0000000703c00000, 0x0000000703c00000| Untracked 
|   9|0x0000000703e00000, 0x0000000704000000, 0x0000000704000000|100%| O|  |TAMS 0x0000000703e00000, 0x0000000703e00000| Untracked 
|  10|0x0000000704000000, 0x00000007041b9a00, 0x0000000704200000| 86%| O|  |TAMS 0x0000000704000000, 0x0000000704000000| Untracked 
|  11|0x0000000704200000, 0x0000000704200000, 0x0000000704400000|  0%| F|  |TAMS 0x0000000704200000, 0x0000000704200000| Untracked 
|  12|0x0000000704400000, 0x0000000704400000, 0x0000000704600000|  0%| F|  |TAMS 0x0000000704400000, 0x0000000704400000| Untracked 
|  13|0x0000000704600000, 0x0000000704600000, 0x0000000704800000|  0%| F|  |TAMS 0x0000000704600000, 0x0000000704600000| Untracked 
|  14|0x0000000704800000, 0x0000000704800000, 0x0000000704a00000|  0%| F|  |TAMS 0x0000000704800000, 0x0000000704800000| Untracked 
|  15|0x0000000704a00000, 0x0000000704a00000, 0x0000000704c00000|  0%| F|  |TAMS 0x0000000704a00000, 0x0000000704a00000| Untracked 
|  16|0x0000000704c00000, 0x0000000704d59a68, 0x0000000704e00000| 67%| S|CS|TAMS 0x0000000704c00000, 0x0000000704c00000| Complete 
|  17|0x0000000704e00000, 0x0000000704e00000, 0x0000000705000000|  0%| F|  |TAMS 0x0000000704e00000, 0x0000000704e00000| Untracked 
|  18|0x0000000705000000, 0x0000000705000000, 0x0000000705200000|  0%| F|  |TAMS 0x0000000705000000, 0x0000000705000000| Untracked 
|  19|0x0000000705200000, 0x0000000705200000, 0x0000000705400000|  0%| F|  |TAMS 0x0000000705200000, 0x0000000705200000| Untracked 
|  20|0x0000000705400000, 0x0000000705400000, 0x0000000705600000|  0%| F|  |TAMS 0x0000000705400000, 0x0000000705400000| Untracked 
|  21|0x0000000705600000, 0x0000000705600000, 0x0000000705800000|  0%| F|  |TAMS 0x0000000705600000, 0x0000000705600000| Untracked 
|  22|0x0000000705800000, 0x0000000705800000, 0x0000000705a00000|  0%| F|  |TAMS 0x0000000705800000, 0x0000000705800000| Untracked 
|  23|0x0000000705a00000, 0x0000000705a00000, 0x0000000705c00000|  0%| F|  |TAMS 0x0000000705a00000, 0x0000000705a00000| Untracked 
|  24|0x0000000705c00000, 0x0000000705c00000, 0x0000000705e00000|  0%| F|  |TAMS 0x0000000705c00000, 0x0000000705c00000| Untracked 
|  25|0x0000000705e00000, 0x0000000705e00000, 0x0000000706000000|  0%| F|  |TAMS 0x0000000705e00000, 0x0000000705e00000| Untracked 
|  26|0x0000000706000000, 0x0000000706000000, 0x0000000706200000|  0%| F|  |TAMS 0x0000000706000000, 0x0000000706000000| Untracked 
|  27|0x0000000706200000, 0x0000000706200000, 0x0000000706400000|  0%| F|  |TAMS 0x0000000706200000, 0x0000000706200000| Untracked 
|  28|0x0000000706400000, 0x0000000706400000, 0x0000000706600000|  0%| F|  |TAMS 0x0000000706400000, 0x0000000706400000| Untracked 
|  29|0x0000000706600000, 0x0000000706600000, 0x0000000706800000|  0%| F|  |TAMS 0x0000000706600000, 0x0000000706600000| Untracked 
|  30|0x0000000706800000, 0x0000000706800000, 0x0000000706a00000|  0%| F|  |TAMS 0x0000000706800000, 0x0000000706800000| Untracked 
|  31|0x0000000706a00000, 0x0000000706a00000, 0x0000000706c00000|  0%| F|  |TAMS 0x0000000706a00000, 0x0000000706a00000| Untracked 
|  32|0x0000000706c00000, 0x0000000706c00000, 0x0000000706e00000|  0%| F|  |TAMS 0x0000000706c00000, 0x0000000706c00000| Untracked 
|  33|0x0000000706e00000, 0x0000000706e00000, 0x0000000707000000|  0%| F|  |TAMS 0x0000000706e00000, 0x0000000706e00000| Untracked 
|  34|0x0000000707000000, 0x0000000707000000, 0x0000000707200000|  0%| F|  |TAMS 0x0000000707000000, 0x0000000707000000| Untracked 
|  35|0x0000000707200000, 0x0000000707200000, 0x0000000707400000|  0%| F|  |TAMS 0x0000000707200000, 0x0000000707200000| Untracked 
|  36|0x0000000707400000, 0x0000000707400000, 0x0000000707600000|  0%| F|  |TAMS 0x0000000707400000, 0x0000000707400000| Untracked 
|  37|0x0000000707600000, 0x0000000707600000, 0x0000000707800000|  0%| F|  |TAMS 0x0000000707600000, 0x0000000707600000| Untracked 
|  38|0x0000000707800000, 0x0000000707800000, 0x0000000707a00000|  0%| F|  |TAMS 0x0000000707800000, 0x0000000707800000| Untracked 
|  39|0x0000000707a00000, 0x0000000707a00000, 0x0000000707c00000|  0%| F|  |TAMS 0x0000000707a00000, 0x0000000707a00000| Untracked 
|  40|0x0000000707c00000, 0x0000000707c00000, 0x0000000707e00000|  0%| F|  |TAMS 0x0000000707c00000, 0x0000000707c00000| Untracked 
|  41|0x0000000707e00000, 0x0000000707e00000, 0x0000000708000000|  0%| F|  |TAMS 0x0000000707e00000, 0x0000000707e00000| Untracked 
|  42|0x0000000708000000, 0x0000000708000000, 0x0000000708200000|  0%| F|  |TAMS 0x0000000708000000, 0x0000000708000000| Untracked 
|  43|0x0000000708200000, 0x0000000708200000, 0x0000000708400000|  0%| F|  |TAMS 0x0000000708200000, 0x0000000708200000| Untracked 
|  44|0x0000000708400000, 0x0000000708400000, 0x0000000708600000|  0%| F|  |TAMS 0x0000000708400000, 0x0000000708400000| Untracked 
|  45|0x0000000708600000, 0x0000000708600000, 0x0000000708800000|  0%| F|  |TAMS 0x0000000708600000, 0x0000000708600000| Untracked 
|  46|0x0000000708800000, 0x0000000708800000, 0x0000000708a00000|  0%| F|  |TAMS 0x0000000708800000, 0x0000000708800000| Untracked 
|  47|0x0000000708a00000, 0x0000000708a00000, 0x0000000708c00000|  0%| F|  |TAMS 0x0000000708a00000, 0x0000000708a00000| Untracked 
|  48|0x0000000708c00000, 0x0000000708c00000, 0x0000000708e00000|  0%| F|  |TAMS 0x0000000708c00000, 0x0000000708c00000| Untracked 
|  49|0x0000000708e00000, 0x0000000708e00000, 0x0000000709000000|  0%| F|  |TAMS 0x0000000708e00000, 0x0000000708e00000| Untracked 
|  50|0x0000000709000000, 0x0000000709000000, 0x0000000709200000|  0%| F|  |TAMS 0x0000000709000000, 0x0000000709000000| Untracked 
|  51|0x0000000709200000, 0x0000000709200000, 0x0000000709400000|  0%| F|  |TAMS 0x0000000709200000, 0x0000000709200000| Untracked 
|  52|0x0000000709400000, 0x0000000709400000, 0x0000000709600000|  0%| F|  |TAMS 0x0000000709400000, 0x0000000709400000| Untracked 
|  53|0x0000000709600000, 0x0000000709600000, 0x0000000709800000|  0%| F|  |TAMS 0x0000000709600000, 0x0000000709600000| Untracked 
|  54|0x0000000709800000, 0x0000000709800000, 0x0000000709a00000|  0%| F|  |TAMS 0x0000000709800000, 0x0000000709800000| Untracked 
|  55|0x0000000709a00000, 0x0000000709a00000, 0x0000000709c00000|  0%| F|  |TAMS 0x0000000709a00000, 0x0000000709a00000| Untracked 
|  56|0x0000000709c00000, 0x0000000709c00000, 0x0000000709e00000|  0%| F|  |TAMS 0x0000000709c00000, 0x0000000709c00000| Untracked 
|  57|0x0000000709e00000, 0x0000000709e00000, 0x000000070a000000|  0%| F|  |TAMS 0x0000000709e00000, 0x0000000709e00000| Untracked 
|  58|0x000000070a000000, 0x000000070a000000, 0x000000070a200000|  0%| F|  |TAMS 0x000000070a000000, 0x000000070a000000| Untracked 
|  59|0x000000070a200000, 0x000000070a200000, 0x000000070a400000|  0%| F|  |TAMS 0x000000070a200000, 0x000000070a200000| Untracked 
|  60|0x000000070a400000, 0x000000070a400000, 0x000000070a600000|  0%| F|  |TAMS 0x000000070a400000, 0x000000070a400000| Untracked 
|  61|0x000000070a600000, 0x000000070a600000, 0x000000070a800000|  0%| F|  |TAMS 0x000000070a600000, 0x000000070a600000| Untracked 
|  62|0x000000070a800000, 0x000000070a800000, 0x000000070aa00000|  0%| F|  |TAMS 0x000000070a800000, 0x000000070a800000| Untracked 
|  63|0x000000070aa00000, 0x000000070aa00000, 0x000000070ac00000|  0%| F|  |TAMS 0x000000070aa00000, 0x000000070aa00000| Untracked 
|  64|0x000000070ac00000, 0x000000070ac00000, 0x000000070ae00000|  0%| F|  |TAMS 0x000000070ac00000, 0x000000070ac00000| Untracked 
|  65|0x000000070ae00000, 0x000000070ae00000, 0x000000070b000000|  0%| F|  |TAMS 0x000000070ae00000, 0x000000070ae00000| Untracked 
|  66|0x000000070b000000, 0x000000070b000000, 0x000000070b200000|  0%| F|  |TAMS 0x000000070b000000, 0x000000070b000000| Untracked 
|  67|0x000000070b200000, 0x000000070b200000, 0x000000070b400000|  0%| F|  |TAMS 0x000000070b200000, 0x000000070b200000| Untracked 
|  68|0x000000070b400000, 0x000000070b400000, 0x000000070b600000|  0%| F|  |TAMS 0x000000070b400000, 0x000000070b400000| Untracked 
|  69|0x000000070b600000, 0x000000070b600000, 0x000000070b800000|  0%| F|  |TAMS 0x000000070b600000, 0x000000070b600000| Untracked 
|  70|0x000000070b800000, 0x000000070ba00000, 0x000000070ba00000|100%| E|  |TAMS 0x000000070b800000, 0x000000070b800000| Complete 
|  71|0x000000070ba00000, 0x000000070bc00000, 0x000000070bc00000|100%| E|CS|TAMS 0x000000070ba00000, 0x000000070ba00000| Complete 
|  72|0x000000070bc00000, 0x000000070be00000, 0x000000070be00000|100%| E|CS|TAMS 0x000000070bc00000, 0x000000070bc00000| Complete 
|  73|0x000000070be00000, 0x000000070c000000, 0x000000070c000000|100%| E|CS|TAMS 0x000000070be00000, 0x000000070be00000| Complete 
|  87|0x000000070da00000, 0x000000070dc00000, 0x000000070dc00000|100%| E|CS|TAMS 0x000000070da00000, 0x000000070da00000| Complete 
|  88|0x000000070dc00000, 0x000000070de00000, 0x000000070de00000|100%| E|CS|TAMS 0x000000070dc00000, 0x000000070dc00000| Complete 
|  89|0x000000070de00000, 0x000000070e000000, 0x000000070e000000|100%| E|CS|TAMS 0x000000070de00000, 0x000000070de00000| Complete 
|  90|0x000000070e000000, 0x000000070e200000, 0x000000070e200000|100%| E|CS|TAMS 0x000000070e000000, 0x000000070e000000| Complete 
| 126|0x0000000712800000, 0x0000000712a00000, 0x0000000712a00000|100%| E|CS|TAMS 0x0000000712800000, 0x0000000712800000| Complete 

Card table byte_map: [0x000001d4e7fc0000,0x000001d4e87b0000] _byte_map_base: 0x000001d4e47aa000

Marking Bits (Prev, Next): (CMBitMap*) 0x000001d4d0c7a1d0, (CMBitMap*) 0x000001d4d0c7a210
 Prev Bits: [0x000001d4e8fa0000, 0x000001d4ecef0000)
 Next Bits: [0x000001d4ecef0000, 0x000001d4f0e40000)

Polling page: 0x000001d4ceae0000

Metaspace:

Usage:
  Non-class:     44.65 MB used.
      Class:      7.17 MB used.
       Both:     51.82 MB used.

Virtual space:
  Non-class space:       64.00 MB reserved,      44.94 MB ( 70%) committed,  1 nodes.
      Class space:        1.00 GB reserved,       7.38 MB ( <1%) committed,  1 nodes.
             Both:        1.06 GB reserved,      52.31 MB (  5%) committed. 

Chunk freelists:
   Non-Class:  2.66 MB
       Class:  8.44 MB
        Both:  11.10 MB

MaxMetaspaceSize: unlimited
CompressedClassSpaceSize: 1.00 GB
Initial GC threshold: 21.00 MB
Current GC threshold: 58.69 MB
CDS: on
MetaspaceReclaimPolicy: balanced
 - commit_granule_bytes: 65536.
 - commit_granule_words: 8192.
 - virtual_space_node_default_size: 8388608.
 - enlarge_chunks_in_place: 1.
 - new_chunks_are_fully_committed: 0.
 - uncommit_free_chunks: 1.
 - use_allocation_guard: 0.
 - handle_deallocations: 1.


Internal statistics:

num_allocs_failed_limit: 6.
num_arena_births: 648.
num_arena_deaths: 0.
num_vsnodes_births: 2.
num_vsnodes_deaths: 0.
num_space_committed: 837.
num_space_uncommitted: 0.
num_chunks_returned_to_freelist: 6.
num_chunks_taken_from_freelist: 2604.
num_chunk_merges: 6.
num_chunk_splits: 1859.
num_chunks_enlarged: 1425.
num_purges: 0.
num_inconsistent_stats: 0.

CodeHeap 'non-profiled nmethods': size=120000Kb used=3005Kb max_used=3142Kb free=116994Kb
 bounds [0x000001d4dff70000, 0x000001d4e02a0000, 0x000001d4e74a0000]
CodeHeap 'profiled nmethods': size=120000Kb used=8052Kb max_used=9298Kb free=111947Kb
 bounds [0x000001d4d84a0000, 0x000001d4d8dc0000, 0x000001d4df9d0000]
CodeHeap 'non-nmethods': size=5760Kb used=1309Kb max_used=1345Kb free=4450Kb
 bounds [0x000001d4df9d0000, 0x000001d4dfc40000, 0x000001d4dff70000]
 total_blobs=4800 nmethods=4166 adapters=546
 compilation: enabled
              stopped_count=0, restarted_count=0
 full_count=0

Compilation events (20 events):
Event: 9.250 Thread 0x000001d4f38ad8a0 nmethod 4853 0x000001d4d8bfa390 code [0x000001d4d8bfa580, 0x000001d4d8bfab08]
Event: 9.259 Thread 0x000001d4f38ad8a0 4854   !   3       java.lang.invoke.LambdaForm::lambdaName (49 bytes)
Event: 9.260 Thread 0x000001d4f38ad8a0 nmethod 4854 0x000001d4d8a5f210 code [0x000001d4d8a5f3a0, 0x000001d4d8a5f4d8]
Event: 9.260 Thread 0x000001d4f38ad8a0 4855       3       java.lang.invoke.InvokerBytecodeGenerator::classFilePrologue (63 bytes)
Event: 9.260 Thread 0x000001d4f38ad8a0 nmethod 4855 0x000001d4d8bf9690 code [0x000001d4d8bf98e0, 0x000001d4d8bfa0b8]
Event: 9.260 Thread 0x000001d4f38ad8a0 4856       3       jdk.internal.org.objectweb.asm.ClassWriter::visitSource (39 bytes)
Event: 9.260 Thread 0x000001d4f38ad8a0 nmethod 4856 0x000001d4d87dea10 code [0x000001d4d87debe0, 0x000001d4d87df078]
Event: 9.261 Thread 0x000001d4f38ad8a0 4857       3       java.lang.invoke.MethodHandleNatives::classData (17 bytes)
Event: 9.261 Thread 0x000001d4f38ad8a0 nmethod 4857 0x000001d4d87de390 code [0x000001d4d87de560, 0x000001d4d87de898]
Event: 9.262 Thread 0x000001d4f38ad8a0 4859       3       jdk.internal.misc.CDS::isDumpingClassList (4 bytes)
Event: 9.262 Thread 0x000001d4f38ad8a0 nmethod 4859 0x000001d4d8544290 code [0x000001d4d8544420, 0x000001d4d8544518]
Event: 9.262 Thread 0x000001d4f38ad8a0 4860       3       jdk.internal.org.objectweb.asm.Frame::getAbstractTypeFromDescriptor (415 bytes)
Event: 9.264 Thread 0x000001d4f38ad8a0 nmethod 4860 0x000001d4d8d1b590 code [0x000001d4d8d1b940, 0x000001d4d8d1d4b8]
Event: 9.338 Thread 0x000001d4f38a8ed0 4870       4       java.lang.invoke.LambdaForm$BasicType::basicType (19 bytes)
Event: 9.342 Thread 0x000001d4f38a8ed0 nmethod 4870 0x000001d4e00c3590 code [0x000001d4e00c3760, 0x000001d4e00c3aa8]
Event: 9.366 Thread 0x000001d4f38ad8a0 4872       3       jdk.internal.org.objectweb.asm.MethodVisitor::visitTypeInsn (17 bytes)
Event: 9.366 Thread 0x000001d4f38ad8a0 nmethod 4872 0x000001d4d8a5ed90 code [0x000001d4d8a5ef40, 0x000001d4d8a5f148]
Event: 9.398 Thread 0x000001d4f38a8ed0 4875       4       sun.invoke.util.VerifyAccess::isTypeVisible (118 bytes)
Event: 9.398 Thread 0x000001d4f38ad8a0 4877       3       java.lang.invoke.InvokerBytecodeGenerator::resolveFrom (81 bytes)
Event: 9.398 Thread 0x000001d4f38ad8a0 nmethod 4877 0x000001d4d87ddd10 code [0x000001d4d87ddee0, 0x000001d4d87de1c8]

GC Heap History (20 events):
Event: 1.138 GC heap before
{Heap before GC invocations=1 (full 0):
 garbage-first heap   total 260096K, used 29512K [0x0000000702c00000, 0x0000000800000000)
  region size 2048K, 14 young (28672K), 2 survivors (4096K)
 Metaspace       used 10183K, committed 10432K, reserved 1114112K
  class space    used 1287K, committed 1408K, reserved 1048576K
}
Event: 1.146 GC heap after
{Heap after GC invocations=2 (full 0):
 garbage-first heap   total 260096K, used 8204K [0x0000000702c00000, 0x0000000800000000)
  region size 2048K, 1 young (2048K), 1 survivors (2048K)
 Metaspace       used 10183K, committed 10432K, reserved 1114112K
  class space    used 1287K, committed 1408K, reserved 1048576K
}
Event: 2.838 GC heap before
{Heap before GC invocations=2 (full 0):
 garbage-first heap   total 260096K, used 77836K [0x0000000702c00000, 0x0000000800000000)
  region size 2048K, 36 young (73728K), 1 survivors (2048K)
 Metaspace       used 21201K, committed 21504K, reserved 1114112K
  class space    used 2705K, committed 2880K, reserved 1048576K
}
Event: 2.843 GC heap after
{Heap after GC invocations=3 (full 0):
 garbage-first heap   total 260096K, used 12700K [0x0000000702c00000, 0x0000000800000000)
  region size 2048K, 4 young (8192K), 4 survivors (8192K)
 Metaspace       used 21201K, committed 21504K, reserved 1114112K
  class space    used 2705K, committed 2880K, reserved 1048576K
}
Event: 3.729 GC heap before
{Heap before GC invocations=4 (full 0):
 garbage-first heap   total 61440K, used 41372K [0x0000000702c00000, 0x0000000800000000)
  region size 2048K, 18 young (36864K), 4 survivors (8192K)
 Metaspace       used 25269K, committed 25664K, reserved 1114112K
  class space    used 3306K, committed 3520K, reserved 1048576K
}
Event: 3.737 GC heap after
{Heap after GC invocations=5 (full 0):
 garbage-first heap   total 61440K, used 14865K [0x0000000702c00000, 0x0000000800000000)
  region size 2048K, 2 young (4096K), 2 survivors (4096K)
 Metaspace       used 25269K, committed 25664K, reserved 1114112K
  class space    used 3306K, committed 3520K, reserved 1048576K
}
Event: 3.808 GC heap before
{Heap before GC invocations=5 (full 0):
 garbage-first heap   total 61440K, used 16913K [0x0000000702c00000, 0x0000000800000000)
  region size 2048K, 3 young (6144K), 2 survivors (4096K)
 Metaspace       used 25698K, committed 26112K, reserved 1114112K
  class space    used 3379K, committed 3584K, reserved 1048576K
}
Event: 3.814 GC heap after
{Heap after GC invocations=6 (full 0):
 garbage-first heap   total 61440K, used 15143K [0x0000000702c00000, 0x0000000800000000)
  region size 2048K, 1 young (2048K), 1 survivors (2048K)
 Metaspace       used 25698K, committed 26112K, reserved 1114112K
  class space    used 3379K, committed 3584K, reserved 1048576K
}
Event: 5.183 GC heap before
{Heap before GC invocations=6 (full 0):
 garbage-first heap   total 61440K, used 37671K [0x0000000702c00000, 0x0000000800000000)
  region size 2048K, 13 young (26624K), 1 survivors (2048K)
 Metaspace       used 30128K, committed 30528K, reserved 1114112K
  class space    used 3914K, committed 4096K, reserved 1048576K
}
Event: 5.187 GC heap after
{Heap after GC invocations=7 (full 0):
 garbage-first heap   total 61440K, used 17577K [0x0000000702c00000, 0x0000000800000000)
  region size 2048K, 2 young (4096K), 2 survivors (4096K)
 Metaspace       used 30128K, committed 30528K, reserved 1114112K
  class space    used 3914K, committed 4096K, reserved 1048576K
}
Event: 5.854 GC heap before
{Heap before GC invocations=7 (full 0):
 garbage-first heap   total 61440K, used 38057K [0x0000000702c00000, 0x0000000800000000)
  region size 2048K, 13 young (26624K), 2 survivors (4096K)
 Metaspace       used 33824K, committed 34240K, reserved 1114112K
  class space    used 4431K, committed 4608K, reserved 1048576K
}
Event: 5.858 GC heap after
{Heap after GC invocations=8 (full 0):
 garbage-first heap   total 61440K, used 18813K [0x0000000702c00000, 0x0000000800000000)
  region size 2048K, 1 young (2048K), 1 survivors (2048K)
 Metaspace       used 33824K, committed 34240K, reserved 1114112K
  class space    used 4431K, committed 4608K, reserved 1048576K
}
Event: 6.082 GC heap before
{Heap before GC invocations=8 (full 0):
 garbage-first heap   total 61440K, used 24957K [0x0000000702c00000, 0x0000000800000000)
  region size 2048K, 5 young (10240K), 1 survivors (2048K)
 Metaspace       used 35523K, committed 35968K, reserved 1114112K
  class space    used 4701K, committed 4928K, reserved 1048576K
}
Event: 6.085 GC heap after
{Heap after GC invocations=9 (full 0):
 garbage-first heap   total 61440K, used 18937K [0x0000000702c00000, 0x0000000800000000)
  region size 2048K, 1 young (2048K), 1 survivors (2048K)
 Metaspace       used 35523K, committed 35968K, reserved 1114112K
  class space    used 4701K, committed 4928K, reserved 1048576K
}
Event: 7.621 GC heap before
{Heap before GC invocations=10 (full 0):
 garbage-first heap   total 61440K, used 43513K [0x0000000702c00000, 0x0000000800000000)
  region size 2048K, 14 young (28672K), 1 survivors (2048K)
 Metaspace       used 42025K, committed 42496K, reserved 1114112K
  class space    used 5617K, committed 5824K, reserved 1048576K
}
Event: 7.625 GC heap after
{Heap after GC invocations=11 (full 0):
 garbage-first heap   total 61440K, used 20599K [0x0000000702c00000, 0x0000000800000000)
  region size 2048K, 2 young (4096K), 2 survivors (4096K)
 Metaspace       used 42025K, committed 42496K, reserved 1114112K
  class space    used 5617K, committed 5824K, reserved 1048576K
}
Event: 7.731 GC heap before
{Heap before GC invocations=11 (full 0):
 garbage-first heap   total 61440K, used 22647K [0x0000000702c00000, 0x0000000800000000)
  region size 2048K, 3 young (6144K), 2 survivors (4096K)
 Metaspace       used 42401K, committed 42880K, reserved 1114112K
  class space    used 5667K, committed 5888K, reserved 1048576K
}
Event: 7.736 GC heap after
{Heap after GC invocations=12 (full 0):
 garbage-first heap   total 61440K, used 20620K [0x0000000702c00000, 0x0000000800000000)
  region size 2048K, 1 young (2048K), 1 survivors (2048K)
 Metaspace       used 42401K, committed 42880K, reserved 1114112K
  class space    used 5667K, committed 5888K, reserved 1048576K
}
Event: 8.788 GC heap before
{Heap before GC invocations=12 (full 0):
 garbage-first heap   total 61440K, used 45196K [0x0000000702c00000, 0x0000000800000000)
  region size 2048K, 13 young (26624K), 1 survivors (2048K)
 Metaspace       used 48906K, committed 49344K, reserved 1114112K
  class space    used 6641K, committed 6848K, reserved 1048576K
}
Event: 8.790 GC heap after
{Heap after GC invocations=13 (full 0):
 garbage-first heap   total 161792K, used 21581K [0x0000000702c00000, 0x0000000800000000)
  region size 2048K, 1 young (2048K), 1 survivors (2048K)
 Metaspace       used 48906K, committed 49344K, reserved 1114112K
  class space    used 6641K, committed 6848K, reserved 1048576K
}

Deoptimization events (20 events):
Event: 7.789 Thread 0x000001d4f89eb5d0 DEOPT PACKING pc=0x000001d4e01c7074 sp=0x00000070041fcfd0
Event: 7.789 Thread 0x000001d4f89eb5d0 DEOPT UNPACKING pc=0x000001d4dfa223a3 sp=0x00000070041fced8 mode 2
Event: 7.917 Thread 0x000001d4f97e11a0 DEOPT PACKING pc=0x000001d4d8db3c9b sp=0x00000070051fe230
Event: 7.917 Thread 0x000001d4f97e11a0 DEOPT UNPACKING pc=0x000001d4dfa22b43 sp=0x00000070051fd708 mode 0
Event: 8.257 Thread 0x000001d4f89eb5d0 Uncommon trap: trap_request=0xffffff45 fr.pc=0x000001d4e0082e48 relative=0x0000000000000048
Event: 8.257 Thread 0x000001d4f89eb5d0 Uncommon trap: reason=unstable_if action=reinterpret pc=0x000001d4e0082e48 method=java.lang.StringConcatHelper.stringOf(Ljava/lang/Object;)Ljava/lang/String; @ 1 c2
Event: 8.257 Thread 0x000001d4f89eb5d0 DEOPT PACKING pc=0x000001d4e0082e48 sp=0x00000070041fd6a0
Event: 8.257 Thread 0x000001d4f89eb5d0 DEOPT UNPACKING pc=0x000001d4dfa223a3 sp=0x00000070041fd630 mode 2
Event: 8.936 Thread 0x000001d4f89eb5d0 Uncommon trap: trap_request=0xffffff45 fr.pc=0x000001d4e019fba8 relative=0x00000000000006e8
Event: 8.936 Thread 0x000001d4f89eb5d0 Uncommon trap: reason=unstable_if action=reinterpret pc=0x000001d4e019fba8 method=java.util.HashMap$HashIterator.<init>(Ljava/util/HashMap;)V @ 45 c2
Event: 8.936 Thread 0x000001d4f89eb5d0 DEOPT PACKING pc=0x000001d4e019fba8 sp=0x00000070041fbe20
Event: 8.936 Thread 0x000001d4f89eb5d0 DEOPT UNPACKING pc=0x000001d4dfa223a3 sp=0x00000070041fbcb0 mode 2
Event: 9.015 Thread 0x000001d4f89eb5d0 Uncommon trap: trap_request=0xffffff45 fr.pc=0x000001d4e0144de4 relative=0x0000000000001c84
Event: 9.015 Thread 0x000001d4f89eb5d0 Uncommon trap: reason=unstable_if action=reinterpret pc=0x000001d4e0144de4 method=jdk.internal.org.objectweb.asm.Frame.getAbstractTypeFromDescriptor(Ljdk/internal/org/objectweb/asm/SymbolTable;Ljava/lang/String;I)I @ 189 c2
Event: 9.015 Thread 0x000001d4f89eb5d0 DEOPT PACKING pc=0x000001d4e0144de4 sp=0x00000070041fac10
Event: 9.016 Thread 0x000001d4f89eb5d0 DEOPT UNPACKING pc=0x000001d4dfa223a3 sp=0x00000070041fabd0 mode 2
Event: 9.247 Thread 0x000001d4f89eb5d0 Uncommon trap: trap_request=0xffffffdc fr.pc=0x000001d4e00628d8 relative=0x0000000000000238
Event: 9.247 Thread 0x000001d4f89eb5d0 Uncommon trap: reason=class_check action=make_not_entrant pc=0x000001d4e00628d8 method=java.util.ArrayList.toArray([Ljava/lang/Object;)[Ljava/lang/Object; @ 21 c2
Event: 9.247 Thread 0x000001d4f89eb5d0 DEOPT PACKING pc=0x000001d4e00628d8 sp=0x00000070041fd450
Event: 9.247 Thread 0x000001d4f89eb5d0 DEOPT UNPACKING pc=0x000001d4dfa223a3 sp=0x00000070041fd410 mode 2

Classes unloaded (0 events):
No events

Classes redefined (0 events):
No events

Internal exceptions (20 events):
Event: 7.150 Thread 0x000001d4f89eb5d0 Exception <a 'java/lang/NoSuchMethodError'{0x00000007057d15f8}: 'java.lang.Object java.lang.invoke.DirectMethodHandle$Holder.invokeStaticInit(java.lang.Object, java.lang.Object, java.lang.Object, java.lang.Object)'> (0x00000007057d15f8) 
thrown [s\open\src\hotspot\share\interpreter\linkResolver.cpp, line 759]
Event: 7.185 Thread 0x000001d4f97e11a0 Implicit null exception at 0x000001d4dff9a7a0 to 0x000001d4dff9a8e8
Event: 8.281 Thread 0x000001d4f89eb5d0 Exception <a 'java/lang/IncompatibleClassChangeError'{0x0000000705b9cf50}: Found class java.lang.Object, but interface was expected> (0x0000000705b9cf50) 
thrown [s\open\src\hotspot\share\interpreter\linkResolver.cpp, line 826]
Event: 8.319 Thread 0x000001d4f89eb5d0 Exception <a 'java/lang/NoSuchMethodError'{0x0000000705886148}: 'java.lang.Object java.lang.invoke.DirectMethodHandle$Holder.invokeStatic(java.lang.Object, java.lang.Object, int, java.lang.Object)'> (0x0000000705886148) 
thrown [s\open\src\hotspot\share\interpreter\linkResolver.cpp, line 759]
Event: 8.319 Thread 0x000001d4f89eb5d0 Exception <a 'java/lang/NoSuchMethodError'{0x0000000705889be0}: 'java.lang.Object java.lang.invoke.DirectMethodHandle$Holder.invokeStaticInit(java.lang.Object, java.lang.Object, int, java.lang.Object)'> (0x0000000705889be0) 
thrown [s\open\src\hotspot\share\interpreter\linkResolver.cpp, line 759]
Event: 9.198 Thread 0x000001d4f89eb5d0 Exception <a 'java/lang/NoSuchMethodError'{0x000000070bf46680}: 'void java.lang.invoke.DirectMethodHandle$Holder.invokeStaticInit(java.lang.Object, int, java.lang.Object, java.lang.Object, java.lang.Object, java.lang.Object)'> (0x000000070bf46680) 
thrown [s\open\src\hotspot\share\interpreter\linkResolver.cpp, line 759]
Event: 9.234 Thread 0x000001d4f89eb5d0 Exception <a 'java/lang/NoSuchMethodError'{0x000000070bc09d80}: 'java.lang.Object java.lang.invoke.DirectMethodHandle$Holder.newInvokeSpecial(java.lang.Object, java.lang.Object, java.lang.Object, java.lang.Object, java.lang.Object, java.lang.Object)'> (0x000000070bc09d80) 
thrown [s\open\src\hotspot\share\interpreter\linkResolver.cpp, line 759]
Event: 9.239 Thread 0x000001d4f89eb5d0 Exception <a 'java/lang/NoSuchMethodError'{0x000000070bc32410}: 'int java.lang.invoke.DirectMethodHandle$Holder.invokeStatic(java.lang.Object, java.lang.Object, java.lang.Object, java.lang.Object, java.lang.Object)'> (0x000000070bc32410) 
thrown [s\open\src\hotspot\share\interpreter\linkResolver.cpp, line 759]
Event: 9.262 Thread 0x000001d4f89eb5d0 Exception <a 'java/lang/NoSuchMethodError'{0x000000070bcf25d0}: 'void java.lang.invoke.DirectMethodHandle$Holder.invokeInterface(java.lang.Object, java.lang.Object, int, java.lang.Object)'> (0x000000070bcf25d0) 
thrown [s\open\src\hotspot\share\interpreter\linkResolver.cpp, line 759]
Event: 9.266 Thread 0x000001d4f89eb5d0 Exception <a 'java/lang/NoSuchMethodError'{0x000000070bd1d470}: 'java.lang.Object java.lang.invoke.DirectMethodHandle$Holder.newInvokeSpecial(java.lang.Object, java.lang.Object, int, java.lang.Object)'> (0x000000070bd1d470) 
thrown [s\open\src\hotspot\share\interpreter\linkResolver.cpp, line 759]
Event: 9.266 Thread 0x000001d4f89eb5d0 Exception <a 'java/lang/NoSuchMethodError'{0x000000070bd21038}: 'java.lang.Object java.lang.invoke.Invokers$Holder.linkToTargetMethod(java.lang.Object, int, java.lang.Object, java.lang.Object)'> (0x000000070bd21038) 
thrown [s\open\src\hotspot\share\interpreter\linkResolver.cpp, line 759]
Event: 9.280 Thread 0x000001d4f89eb5d0 Exception <a 'java/lang/IncompatibleClassChangeError'{0x000000070bdc7d50}: Found class java.lang.Object, but interface was expected> (0x000000070bdc7d50) 
thrown [s\open\src\hotspot\share\interpreter\linkResolver.cpp, line 826]
Event: 9.317 Thread 0x000001d4f89eb5d0 Exception <a 'java/lang/NoSuchMethodError'{0x000000070bb22e90}: 'int java.lang.invoke.DirectMethodHandle$Holder.invokeStatic(java.lang.Object, int, java.lang.Object)'> (0x000000070bb22e90) 
thrown [s\open\src\hotspot\share\interpreter\linkResolver.cpp, line 759]
Event: 9.321 Thread 0x000001d4f89eb5d0 Exception <a 'java/lang/NoSuchMethodError'{0x000000070bb45808}: 'java.lang.Object java.lang.invoke.DirectMethodHandle$Holder.newInvokeSpecial(java.lang.Object, java.lang.Object, java.lang.Object, java.lang.Object, java.lang.Object, int, java.lang.Object)'> (0x000000070bb45808) 
thrown [s\open\src\hotspot\share\interpreter\linkResolver.cpp, line 759]
Event: 9.338 Thread 0x000001d4f89eb5d0 Exception <a 'java/lang/NoSuchMethodError'{0x000000070bb96540}: 'java.lang.Object java.lang.invoke.DirectMethodHandle$Holder.newInvokeSpecial(java.lang.Object, java.lang.Object, java.lang.Object, java.lang.Object, java.lang.Object, java.lang.Object, java.lang.Object, java.lang.Object, java.lang.Object, java.lang.Object, java.lang.Object)'> (0x000000070bb96540) 
thrown [s\open\src\hotspot\share\interpreter\linkResolver.cpp, line 759]
Event: 9.339 Thread 0x000001d4f89eb5d0 Exception <a 'java/lang/NoSuchMethodError'{0x000000070bb9b250}: 'java.lang.Object java.lang.invoke.DirectMethodHandle$Holder.invokeSpecial(java.lang.Object, java.lang.Object, java.lang.Object, java.lang.Object, java.lang.Object, java.lang.Object, java.lang.Object, java.lang.Object, java.lang.Object, java.lang.Object, java.lang.Object, java.lang.Object)'> (0x000000070bb9b250) 
thrown [s\open\src\hotspot\share\interpreter\linkResolver.cpp, line 759]
Event: 9.339 Thread 0x000001d4f89eb5d0 Exception <a 'java/lang/NoSuchMethodError'{0x000000070bb9f7f0}: 'java.lang.Object java.lang.invoke.Invokers$Holder.linkToTargetMethod(java.lang.Object, java.lang.Object, java.lang.Object, java.lang.Object, java.lang.Object, java.lang.Object, java.lang.Object, java.lang.Object, java.lang.Object, java.lang.Object, java.lang.Object)'> (0x000000070bb9f7f0) 
thrown [s\open\src\hotspot\share\interpreter\linkResolver.cpp, line 759]
Event: 9.398 Thread 0x000001d4f89eb5d0 Exception <a 'java/lang/NoSuchMethodError'{0x000000070b96d360}: 'java.lang.Object java.lang.invoke.DirectMethodHandle$Holder.newInvokeSpecial(java.lang.Object, java.lang.Object, java.lang.Object, java.lang.Object, java.lang.Object, java.lang.Object, java.lang.Object, int)'> (0x000000070b96d360) 
thrown [s\open\src\hotspot\share\interpreter\linkResolver.cpp, line 759]
Event: 9.399 Thread 0x000001d4f89eb5d0 Exception <a 'java/lang/NoSuchMethodError'{0x000000070b972358}: 'java.lang.Object java.lang.invoke.DirectMethodHandle$Holder.invokeSpecial(java.lang.Object, java.lang.Object, java.lang.Object, java.lang.Object, java.lang.Object, java.lang.Object, java.lang.Object, java.lang.Object, int)'> (0x000000070b972358) 
thrown [s\open\src\hotspot\share\interpreter\linkResolver.cpp, line 759]
Event: 9.399 Thread 0x000001d4f89eb5d0 Exception <a 'java/lang/NoSuchMethodError'{0x000000070b976e20}: 'java.lang.Object java.lang.invoke.Invokers$Holder.linkToTargetMethod(java.lang.Object, java.lang.Object, java.lang.Object, java.lang.Object, java.lang.Object, java.lang.Object, int, java.lang.Object)'> (0x000000070b976e20) 
thrown [s\open\src\hotspot\share\interpreter\linkResolver.cpp, line 759]

VM Operations (20 events):
Event: 6.717 Executing VM operation: HandshakeAllThreads
Event: 6.717 Executing VM operation: HandshakeAllThreads done
Event: 6.722 Executing VM operation: HandshakeAllThreads
Event: 6.722 Executing VM operation: HandshakeAllThreads done
Event: 6.760 Executing VM operation: HandshakeAllThreads
Event: 6.760 Executing VM operation: HandshakeAllThreads done
Event: 6.775 Executing VM operation: HandshakeAllThreads
Event: 6.779 Executing VM operation: HandshakeAllThreads done
Event: 6.798 Executing VM operation: HandshakeAllThreads
Event: 6.798 Executing VM operation: HandshakeAllThreads done
Event: 7.252 Executing VM operation: ICBufferFull
Event: 7.253 Executing VM operation: ICBufferFull done
Event: 7.621 Executing VM operation: G1CollectForAllocation
Event: 7.625 Executing VM operation: G1CollectForAllocation done
Event: 7.731 Executing VM operation: G1CollectForAllocation
Event: 7.736 Executing VM operation: G1CollectForAllocation done
Event: 8.749 Executing VM operation: Cleanup
Event: 8.749 Executing VM operation: Cleanup done
Event: 8.788 Executing VM operation: G1CollectForAllocation
Event: 8.790 Executing VM operation: G1CollectForAllocation done

Events (20 events):
Event: 7.990 loading class javax/naming/StringRefAddr done
Event: 8.052 loading class java/util/concurrent/CompletionStage
Event: 8.052 loading class java/util/concurrent/CompletionStage done
Event: 8.057 loading class java/util/concurrent/CompletableFuture
Event: 8.058 loading class java/util/concurrent/CompletableFuture done
Event: 8.058 loading class java/util/concurrent/CompletableFuture$AltResult
Event: 8.059 loading class java/util/concurrent/CompletableFuture$AltResult done
Event: 8.059 loading class java/util/concurrent/CompletableFuture$Completion
Event: 8.059 loading class java/util/concurrent/CompletableFuture$AsynchronousCompletionTask
Event: 8.059 loading class java/util/concurrent/CompletableFuture$AsynchronousCompletionTask done
Event: 8.059 loading class java/util/concurrent/CompletableFuture$Completion done
Event: 8.169 loading class sun/reflect/annotation/TypeAnnotation$TypeAnnotationTargetInfo
Event: 8.170 loading class sun/reflect/annotation/TypeAnnotation$TypeAnnotationTargetInfo done
Event: 8.222 loading class sun/reflect/annotation/AnnotatedTypeFactory$AnnotatedArrayTypeImpl
Event: 8.222 loading class sun/reflect/annotation/AnnotatedTypeFactory$AnnotatedArrayTypeImpl done
Event: 8.264 loading class java/util/concurrent/CancellationException
Event: 8.264 loading class java/util/concurrent/CancellationException done
Event: 8.410 Thread 0x000001d4f3b7eb80 Thread exited: 0x000001d4f3b7eb80
Event: 9.065 Thread 0x000001d4d0c08700 Thread added: 0x000001d4d0c08700
Event: 9.366 Thread 0x000001d4d0c08700 Thread exited: 0x000001d4d0c08700


Dynamic libraries:
0x00007ff7084f0000 - 0x00007ff708500000 	C:\Program Files\Java\jdk-17\bin\java.exe
0x00007fff2d590000 - 0x00007fff2d788000 	C:\Windows\SYSTEM32\ntdll.dll
0x00007fff2d490000 - 0x00007fff2d54d000 	C:\Windows\System32\KERNEL32.DLL
0x00007fff2af90000 - 0x00007fff2b286000 	C:\Windows\System32\KERNELBASE.dll
0x00007fff2ae00000 - 0x00007fff2af00000 	C:\Windows\System32\ucrtbase.dll
0x00007ffee9520000 - 0x00007ffee953b000 	C:\Program Files\Java\jdk-17\bin\VCRUNTIME140.dll
0x00007ffee9ee0000 - 0x00007ffee9ef9000 	C:\Program Files\Java\jdk-17\bin\jli.dll
0x00007fff2bbc0000 - 0x00007fff2bc6f000 	C:\Windows\System32\ADVAPI32.dll
0x00007fff2b8a0000 - 0x00007fff2b93e000 	C:\Windows\System32\msvcrt.dll
0x00007fff2c3c0000 - 0x00007fff2c45c000 	C:\Windows\System32\sechost.dll
0x00007fff2c000000 - 0x00007fff2c126000 	C:\Windows\System32\RPCRT4.dll
0x00007fff2b9c0000 - 0x00007fff2bb5e000 	C:\Windows\System32\USER32.dll
0x00007fff2b3b0000 - 0x00007fff2b3d2000 	C:\Windows\System32\win32u.dll
0x00007fff12880000 - 0x00007fff12b1a000 	C:\Windows\WinSxS\amd64_microsoft.windows.common-controls_6595b64144ccf1df_6.0.19041.3636_none_60b6a03d71f818d5\COMCTL32.dll
0x00007fff2bc70000 - 0x00007fff2bc9c000 	C:\Windows\System32\GDI32.dll
0x00007fff2b3e0000 - 0x00007fff2b4fa000 	C:\Windows\System32\gdi32full.dll
0x00007fff2b500000 - 0x00007fff2b59d000 	C:\Windows\System32\msvcp_win.dll
0x00007fff210a0000 - 0x00007fff210aa000 	C:\Windows\SYSTEM32\VERSION.dll
0x00007fff2ca00000 - 0x00007fff2ca30000 	C:\Windows\System32\IMM32.DLL
0x00007fff22760000 - 0x00007fff2276c000 	C:\Program Files\Java\jdk-17\bin\vcruntime140_1.dll
0x00007ffeaa7c0000 - 0x00007ffeaa84e000 	C:\Program Files\Java\jdk-17\bin\msvcp140.dll
0x00007ffe8ca70000 - 0x00007ffe8d64e000 	C:\Program Files\Java\jdk-17\bin\server\jvm.dll
0x00007fff2c130000 - 0x00007fff2c138000 	C:\Windows\System32\PSAPI.DLL
0x00007fff220b0000 - 0x00007fff220b9000 	C:\Windows\SYSTEM32\WSOCK32.dll
0x00007fff16270000 - 0x00007fff16297000 	C:\Windows\SYSTEM32\WINMM.dll
0x00007fff2c140000 - 0x00007fff2c1ab000 	C:\Windows\System32\WS2_32.dll
0x00007fff28af0000 - 0x00007fff28b02000 	C:\Windows\SYSTEM32\kernel.appcore.dll
0x00007fff21f30000 - 0x00007fff21f3a000 	C:\Program Files\Java\jdk-17\bin\jimage.dll
0x00007fff13650000 - 0x00007fff13834000 	C:\Windows\SYSTEM32\DBGHELP.DLL
0x00007ffefa940000 - 0x00007ffefa974000 	C:\Windows\SYSTEM32\dbgcore.DLL
0x00007fff2af00000 - 0x00007fff2af82000 	C:\Windows\System32\bcryptPrimitives.dll
0x00007ffedcb70000 - 0x00007ffedcb95000 	C:\Program Files\Java\jdk-17\bin\java.dll
0x00007ffea42e0000 - 0x00007ffea43b7000 	C:\Program Files\Java\jdk-17\bin\jsvml.dll
0x00007fff2cce0000 - 0x00007fff2d424000 	C:\Windows\System32\SHELL32.dll
0x00007fff28cf0000 - 0x00007fff2948b000 	C:\Windows\SYSTEM32\windows.storage.dll
0x00007fff2bca0000 - 0x00007fff2bff4000 	C:\Windows\System32\combase.dll
0x00007fff2a6b0000 - 0x00007fff2a6dd000 	C:\Windows\SYSTEM32\Wldp.dll
0x00007fff2cac0000 - 0x00007fff2cb6d000 	C:\Windows\System32\SHCORE.dll
0x00007fff2b960000 - 0x00007fff2b9b5000 	C:\Windows\System32\shlwapi.dll
0x00007fff2aba0000 - 0x00007fff2abc5000 	C:\Windows\SYSTEM32\profapi.dll
0x00007ffee9420000 - 0x00007ffee9439000 	C:\Program Files\Java\jdk-17\bin\net.dll
0x00007fff24990000 - 0x00007fff24a9a000 	C:\Windows\SYSTEM32\WINHTTP.dll
0x00007fff2a3d0000 - 0x00007fff2a43a000 	C:\Windows\system32\mswsock.dll
0x00007ffee5b30000 - 0x00007ffee5b46000 	C:\Program Files\Java\jdk-17\bin\nio.dll
0x00007ffebed30000 - 0x00007ffebed48000 	C:\Program Files\Java\jdk-17\bin\zip.dll
0x00007fff15ac0000 - 0x00007fff15aca000 	C:\Program Files\Java\jdk-17\bin\management.dll
0x00007fff112d0000 - 0x00007fff112db000 	C:\Program Files\Java\jdk-17\bin\management_ext.dll
0x00007fff2a5f0000 - 0x00007fff2a608000 	C:\Windows\SYSTEM32\CRYPTSP.dll
0x00007fff29c90000 - 0x00007fff29cc4000 	C:\Windows\system32\rsaenh.dll
0x00007fff2ac70000 - 0x00007fff2ac97000 	C:\Windows\System32\bcrypt.dll
0x00007fff2ab20000 - 0x00007fff2ab4e000 	C:\Windows\SYSTEM32\USERENV.dll
0x00007fff2a5e0000 - 0x00007fff2a5ec000 	C:\Windows\SYSTEM32\CRYPTBASE.dll
0x00007fff2a080000 - 0x00007fff2a0bb000 	C:\Windows\SYSTEM32\IPHLPAPI.DLL
0x00007fff2b890000 - 0x00007fff2b898000 	C:\Windows\System32\NSI.dll
0x00007fff24ef0000 - 0x00007fff24f07000 	C:\Windows\SYSTEM32\dhcpcsvc6.DLL
0x00007fff24e40000 - 0x00007fff24e5d000 	C:\Windows\SYSTEM32\dhcpcsvc.DLL
0x00007fff2a0c0000 - 0x00007fff2a18a000 	C:\Windows\SYSTEM32\DNSAPI.dll
0x00007fff10b20000 - 0x00007fff10b2e000 	C:\Program Files\Java\jdk-17\bin\sunmscapi.dll
0x00007fff2aca0000 - 0x00007fff2adfd000 	C:\Windows\System32\CRYPT32.dll
0x00007fff2a720000 - 0x00007fff2a747000 	C:\Windows\SYSTEM32\ncrypt.dll
0x00007fff2a6e0000 - 0x00007fff2a71b000 	C:\Windows\SYSTEM32\NTASN1.dll
0x00007fff20cd0000 - 0x00007fff20ce0000 	C:\Program Files\Java\jdk-17\bin\verify.dll
0x00007fff23520000 - 0x00007fff2352a000 	C:\Windows\System32\rasadhlp.dll
0x00007fff22bb0000 - 0x00007fff22c30000 	C:\Windows\System32\fwpuclnt.dll

dbghelp: loaded successfully - version: 4.0.5 - missing functions: none
symbol engine: initialized successfully - sym options: 0x614 - pdb path: .;C:\Program Files\Java\jdk-17\bin;C:\Windows\SYSTEM32;C:\Windows\WinSxS\amd64_microsoft.windows.common-controls_6595b64144ccf1df_6.0.19041.3636_none_60b6a03d71f818d5;C:\Program Files\Java\jdk-17\bin\server

VM Arguments:
jvm_args: -XX:+ShowCodeDetailsInExceptionMessages 
java_command: com.apapedia.catalogue.CatalogueApplication
java_class_path (initial): D:\Kuliah\Semester 5\APAP\tk\tk_b_yzf_21\catalogue\build\resources\main;D:\Kuliah\Semester 5\APAP\tk\tk_b_yzf_21\catalogue\build\classes\java\main;C:\Users\User\.gradle\caches\modules-2\files-2.1\ch.qos.logback\logback-core\1.4.11\2f9f280219a9922a74200eaf7138c4c17fb87c0f\logback-core-1.4.11.jar;C:\Users\User\.gradle\caches\modules-2\files-2.1\org.glassfish.jaxb\jaxb-runtime\4.0.2\e4e4e0c5b0d42054d00dc4023901572a60d368c7\jaxb-runtime-4.0.2.jar;C:\Users\User\.gradle\caches\modules-2\files-2.1\com.github.mifmif\generex\1.0.2\b378f873b4e8d7616c3d920e2132cb1c87679600\generex-1.0.2.jar;C:\Users\User\.gradle\caches\modules-2\files-2.1\org.springframework\spring-aspects\6.0.13\59b1d3f507f5ed2e4ef357541c464925831bea9b\spring-aspects-6.0.13.jar;C:\Users\User\.gradle\caches\modules-2\files-2.1\org.jboss.logging\jboss-logging\3.5.3.Final\c88fc1d8a96d4c3491f55d4317458ccad53ca663\jboss-logging-3.5.3.Final.jar;C:\Users\User\.gradle\caches\modules-2\files-2.1\jakarta.xml.bind\jakarta.xml.bind-api\4.0.1\ca2330866cbc624c7e5ce982e121db1125d23e15\jakarta.xml.bind-api-4.0.1.jar;C:\Users\User\.gradle\caches\modules-2\files-2.1\org.springframework.boot\spring-boot\3.1.5\c188015a5a79f5df65e876dcfdef16148c45fe2c\spring-boot-3.1.5.jar;C:\Users\User\.gradle\caches\modules-2\files-2.1\org.springframework\spring-context\6.0.13\4c49af6dde7fce9602049f952b45ca29f30e2a37\spring-context-6.0.13.jar;C:\Users\User\.gradle\caches\modules-2\files-2.1\com.sun.istack\istack-commons-runtime\4.1.2\18ec117c85f3ba0ac65409136afa8e42bc74e739\istack-commons-runtime-4.1.2.jar;C:\Users\User\.gradle\caches\modules-2\files-2.1\io.smallrye\jandex\3.0.5\c548a4871b552292dbdd65409d3fda145c8925c1\jandex-3.0.5.jar;C:\Users\User\.gradle\caches\modules-2\files-2.1\org.springframework.boot\spring-boot-starter-json\3.1.5\36ce79c1a5c63ffd72b092eb312cb35ac6edb128\spring-boot-starter-json-3.1.5.jar;C:\Users\User\.gradle\caches\modules-2\files-2.1\javax.xml.bind\jaxb-api\2.4.0-b180830.0359\b54184b7dcab
Launcher Type: SUN_STANDARD

[Global flags]
     intx CICompilerCount                          = 4                                         {product} {ergonomic}
     uint ConcGCThreads                            = 2                                         {product} {ergonomic}
     uint G1ConcRefinementThreads                  = 8                                         {product} {ergonomic}
   size_t G1HeapRegionSize                         = 2097152                                   {product} {ergonomic}
    uintx GCDrainStackTargetSize                   = 64                                        {product} {ergonomic}
   size_t InitialHeapSize                          = 266338304                                 {product} {ergonomic}
   size_t MarkStackSize                            = 4194304                                   {product} {ergonomic}
   size_t MaxHeapSize                              = 4248829952                                {product} {ergonomic}
   size_t MaxNewSize                               = 2548039680                                {product} {ergonomic}
   size_t MinHeapDeltaBytes                        = 2097152                                   {product} {ergonomic}
   size_t MinHeapSize                              = 8388608                                   {product} {ergonomic}
    uintx NonNMethodCodeHeapSize                   = 5839372                                {pd product} {ergonomic}
    uintx NonProfiledCodeHeapSize                  = 122909434                              {pd product} {ergonomic}
    uintx ProfiledCodeHeapSize                     = 122909434                              {pd product} {ergonomic}
    uintx ReservedCodeCacheSize                    = 251658240                              {pd product} {ergonomic}
     bool SegmentedCodeCache                       = true                                      {product} {ergonomic}
     bool ShowCodeDetailsInExceptionMessages       = true                                   {manageable} {command line}
   size_t SoftMaxHeapSize                          = 4248829952                             {manageable} {ergonomic}
     bool UseCompressedClassPointers               = true                           {product lp64_product} {ergonomic}
     bool UseCompressedOops                        = true                           {product lp64_product} {ergonomic}
     bool UseG1GC                                  = true                                      {product} {ergonomic}
     bool UseLargePagesIndividualAllocation        = false                                  {pd product} {ergonomic}

Logging:
Log output configuration:
 #0: stdout all=warning uptime,level,tags
 #1: stderr all=off uptime,level,tags

Environment Variables:
JAVA_HOME=C:\Program Files\Java\jdk-17
PATH=C:\Program Files\Java\jdk-17\bin;C:\Program Files\Common Files\Oracle\Java\javapath;C:\Program Files (x86)\Common Files\Oracle\Java\javapath;C:\Program Files (x86)\VMware\VMware Player\bin\;C:\Program Files\Eclipse Adoptium\jdk-17.0.2.8-hotspot\bin;C:\Program Files (x86)\Common Files\Oracle\Java\javapath;C:\Windows\system32;C:\Windows;C:\Windows\System32\Wbem;C:\Windows\System32\WindowsPowerShell\v1.0\;C:\Windows\System32\OpenSSH\;C:\Program Files (x86)\NVIDIA Corporation\PhysX\Common;C:\Program Files\NVIDIA Corporation\NVIDIA NvDLISR;C:\Program Files\nodejs\;C:\Program Files\dotnet\;C:\Program Files\PuTTY\;C:\Program Files\Git\cmd;;C:\Program Files\Docker\Docker\resources\bin;C:\Users\User\AppData\Local\Programs\Python\Python39\Scripts\;C:\Users\User\AppData\Local\Programs\Python\Python39\;C:\Users\User\AppData\Local\Microsoft\WindowsApps;D:\Microsoft VS Code\bin;C:\Users\User\AppData\Roaming\npm;C:\Users\User\.dotnet\tools;D:\flutter_windows_3.3.7-stable\flutter\bin;;C:\Program Files\JetBrains\IntelliJ IDEA 2023.2.1\bin;
USERNAME=User
LANG=en_US.UTF-8
OS=Windows_NT
PROCESSOR_IDENTIFIER=Intel64 Family 6 Model 165 Stepping 2, GenuineIntel



---------------  S Y S T E M  ---------------

OS:
 Windows 10 , 64 bit Build 19041 (10.0.19041.3636)
OS uptime: 1 days 14:33 hours
Hyper-V role detected

CPU: total 8 (initial active 8) (4 cores per cpu, 2 threads per core) family 6 model 165 stepping 2 microcode 0xe2, cx8, cmov, fxsr, ht, mmx, 3dnowpref, sse, sse2, sse3, ssse3, sse4.1, sse4.2, popcnt, lzcnt, tsc, tscinvbit, avx, avx2, aes, erms, clmul, bmi1, bmi2, adx, fma, vzeroupper, clflush, clflushopt, hv

Memory: 4k page, system-wide physical 16205M (770M free)
TotalPageFile size 32589M (AvailPageFile size 1M)
current process WorkingSet (physical memory assigned to process): 233M, peak: 235M
current process commit charge ("private bytes"): 365M, peak: 406M

vm_info: Java HotSpot(TM) 64-Bit Server VM (17.0.8+9-LTS-211) for windows-amd64 JRE (17.0.8+9-LTS-211), built on Jun 14 2023 10:34:31 by "mach5one" with MS VC++ 17.1 (VS2022)

END.
